#
# A fatal error has been detected by the Java Runtime Environment:
#
#  SIGSEGV (0xb) at pc=0x0000000125e733fd, pid=6065, tid=1811
#
# JRE version: Java(TM) SE Runtime Environment (8.0_20-b26) (build 1.8.0_20-b26)
# Java VM: Java HotSpot(TM) 64-Bit Server VM (25.20-b23 mixed mode bsd-amd64 compressed oops)
# Problematic frame:
# C  [libglass.dylib+0x163fd]  GlassScreenDidChangeScreenParameters+0x9d
#
# Failed to write core dump. Core dumps have been disabled. To enable core dumping, try "ulimit -c unlimited" before starting Java again
#
# If you would like to submit a bug report, please visit:
#   http://bugreport.sun.com/bugreport/crash.jsp
#

---------------  T H R E A D  ---------------

Current thread is native thread

siginfo: si_signo: 11 (SIGSEGV), si_code: 1 (SEGV_MAPERR), si_addr: 0x0000000000000000

Registers:
RAX=0x0000000125ea5e40, RBX=0x0000000000000000, RCX=0x8c00398106d108c5, RDX=0x00007fb45ad58c70
RSP=0x00007fff58741130, RBP=0x00007fff58741140, RSI=0x00007fb45ac10178, RDI=0x0000000000000000
R8 =0x00007fff58740fe0, R9 =0x00007fff79fa8300, R10=0x0000000000000000, R11=0x0000000000000246
R12=0x00007fb45af01250, R13=0x00000000000f4268, R14=0x00007fb45ac7e770, R15=0x00007fff58741280
RIP=0x0000000125e733fd, EFLAGS=0x0000000000010202, ERR=0x0000000000000004
  TRAPNO=0x000000000000000e

Top of Stack: (sp=0x00007fff58741130)
0x00007fff58741130:   00007fff58741310 00007fb45ac7e770
0x00007fff58741140:   00007fff58741150 00007fff97278cbc
0x00007fff58741150:   00007fff587414b0 00007fff9716a1b4
0x00007fff58741160:   00007fb45ba4e000 0000000000001e00
0x00007fff58741170:   00000001074d6000 00007fb45affc080
0x00007fff58741180:   0000000000001003 0000000000000ba0
0x00007fff58741190:   0000000000000004 00007fb45ac7e770
0x00007fff587411a0:   0000000000000000 00007fff58741280
0x00007fff587411b0:   0000000000000000 00007fb45ac7e730
0x00007fff587411c0:   00007fff58741300 000000000000007c
0x00007fff587411d0:   00000000000f4369 00007fb45afa8580
0x00007fff587411e0:   00007fb45ac43790 00007fb45af01250
0x00007fff587411f0:   0000000000000001 00000000000f4268
0x00007fff58741200:   00007fb45af01240 00007fff94dadacb
0x00007fff58741210:   0000000000000001 0000000000000001
0x00007fff58741220:   0000000000000030 0000000000000001
0x00007fff58741230:   00007fff58741250 00007fff94db3231
0x00007fff58741240:   00007fff7b201dd0 0000000000000000
0x00007fff58741250:   00007fff58741270 0000000000000017
0x00007fff58741260:   0007250300000000 00007fb45af01274
0x00007fff58741270:   0000000000000000 00007fff9715fc8f
0x00007fff58741280:   00007fb45ac7e770 00007fff7b201dd0
0x00007fff58741290:   00007fff58741310 0000000000000005
0x00007fff587412a0:   00007fff587412e0 00007fff94dad53e
0x00007fff587412b0:   00000001074d9a00 0000000000000002
0x00007fff587412c0:   00000001074d6000 00007fb45af2b072
0x00007fff587412d0:   0000000000000003 00000001074db800
0x00007fff587412e0:   00007fff587413d0 00007fff94dac2a2
0x00007fff587412f0:   00007fb45ac43410 00007fff587414b8
0x00007fff58741300:   0000000000000017 0000000000000000
0x00007fff58741310:   00000000000f4268 00007fff9715ff83
0x00007fff58741320:   00007fff00000000 00007fb45ae43390 

Instructions: (pc=0x0000000125e733fd)
0x0000000125e733dd:   89 df 4c 89 f1 41 ff 90 68 04 00 00 48 8d 05 58
0x0000000125e733ed:   29 03 00 48 8b 30 48 8d 05 46 2a 03 00 48 8b 10
0x0000000125e733fd:   48 8b 0b 30 c0 48 89 df ff 91 68 04 00 00 48 8b
0x0000000125e7340d:   03 48 89 df ff 50 78 48 85 c0 74 36 49 89 c6 48 

Register to memory mapping:

RAX=0x0000000125ea5e40: jScreenNotifySettingsChanged+0 in /Library/Java/JavaVirtualMachines/jdk1.8.0_20.jdk/Contents/Home/jre/lib/libglass.dylib at 0x0000000125e5d000
RBX=0x0000000000000000 is an unknown value
RCX=0x8c00398106d108c5 is an unknown value
RDX=0x00007fb45ad58c70 is an unknown value
RSP=0x00007fff58741130 is an unknown value
RBP=0x00007fff58741140 is an unknown value
RSI=0x00007fb45ac10178 is a global jni handle
RDI=0x0000000000000000 is an unknown value
R8 =0x00007fff58740fe0 is an unknown value
R9 =0x00007fff79fa8300: _thread+0 in /usr/lib/system/libsystem_pthread.dylib at 0x00007fff8f651000
R10=0x0000000000000000 is an unknown value
R11=0x0000000000000246 is an unknown value
R12=0x00007fb45af01250 is an unknown value
R13=0x00000000000f4268 is an unknown value
R14=0x00007fb45ac7e770 is an unknown value
R15=0x00007fff58741280 is an unknown value


Stack: [0x00007fff57f44000,0x00007fff58744000],  sp=0x00007fff58741130,  free space=8180k
Native frames: (J=compiled Java code, j=interpreted, Vv=VM code, C=native code)
C  [libglass.dylib+0x163fd]  GlassScreenDidChangeScreenParameters+0x9d
C  [CoreFoundation+0x11ecbc]  __CFNOTIFICATIONCENTER_IS_CALLING_OUT_TO_AN_OBSERVER__+0xc
C  [CoreFoundation+0x101b4]  _CFXNotificationPost+0xc44
C  [Foundation+0x2ea1]  -[NSNotificationCenter postNotificationName:object:userInfo:]+0x42
C  [AppKit+0x362f3e]  -[NSApplication _reactToScreenInvalidationImmediately:]+0x17b
C  [AppKit+0x362d7d]  __44-[NSApplication _reactToScreenInvalidation:]_block_invoke+0x4b
C  [CoreFoundation+0x8054c]  __CFRUNLOOP_IS_CALLING_OUT_TO_A_BLOCK__+0xc
C  [CoreFoundation+0x72655]  __CFRunLoopDoBlocks+0x155
C  [CoreFoundation+0x72196]  __CFRunLoopRun+0x716
C  [CoreFoundation+0x71838]  CFRunLoopRunSpecific+0x128
C  [java+0x56cc]  CreateExecutionEnvironment+0x367
C  [java+0x165c]  JLI_Launch+0x7a0
C  [java+0x768a]  main+0x65
C  [java+0xeb4]  start+0x34


---------------  P R O C E S S  ---------------

VM state:not at safepoint (normal execution)

VM Mutex/Monitor currently owned by a thread: None

Heap:
 PSYoungGen      total 76288K, used 10550K [0x000000076ab00000, 0x0000000770000000, 0x00000007c0000000)
  eden space 65536K, 16% used [0x000000076ab00000,0x000000076b54dbb8,0x000000076eb00000)
  from space 10752K, 0% used [0x000000076eb00000,0x000000076eb00000,0x000000076f580000)
  to   space 10752K, 0% used [0x000000076f580000,0x000000076f580000,0x0000000770000000)
 ParOldGen       total 124928K, used 6427K [0x00000006c0000000, 0x00000006c7a00000, 0x000000076ab00000)
  object space 124928K, 5% used [0x00000006c0000000,0x00000006c0646cf0,0x00000006c7a00000)
 Metaspace       used 21537K, capacity 22752K, committed 22784K, reserved 1069056K
  class space    used 3101K, capacity 3313K, committed 3328K, reserved 1048576K

Card table byte_map: [0x0000000118212000,0x0000000118a13000] byte_map_base: 0x0000000114c12000

Marking Bits: (ParMarkBitMap*) 0x000000010869c330
 Begin Bits: [0x0000000119375000, 0x000000011d375000)
 End Bits:   [0x000000011d375000, 0x0000000121375000)

Polling page: 0x00000001075df000

CodeCache: size=245760Kb used=7994Kb max_used=7994Kb free=237765Kb
 bounds [0x0000000108e52000, 0x0000000109632000, 0x0000000117e52000]
 total_blobs=3310 nmethods=2651 adapters=572
 compilation: enabled

Compilation events (10 events):
Event: 23.336 Thread 0x00007fb45b81b800 2648       3       com.sun.scenario.animation.shared.SimpleClipInterpolator::interpolate (44 bytes)
Event: 23.336 Thread 0x00007fb45b81b800 nmethod 2648 0x0000000109621850 code [0x00000001096219e0, 0x0000000109621d28]
Event: 23.692 Thread 0x00007fb45b81b800 2649       3       javafx.scene.input.PickResult::<init> (42 bytes)
Event: 23.692 Thread 0x00007fb45b81b800 nmethod 2649 0x0000000109621f10 code [0x0000000109622080, 0x0000000109622290]
Event: 23.703 Thread 0x00007fb45b81b800 2650       1       com.sun.javafx.geom.transform.Identity::getDegree (4 bytes)
Event: 23.703 Thread 0x00007fb45b81b800 nmethod 2650 0x0000000109622350 code [0x00000001096224a0, 0x00000001096225b0]
Event: 23.704 Thread 0x00007fb45b81b800 2651       3       com.sun.prism.es2.ES2Context::updateCompositeMode (134 bytes)
Event: 23.706 Thread 0x00007fb45b81b800 nmethod 2651 0x0000000109622610 code [0x00000001096228a0, 0x00000001096239a8]
Event: 23.706 Thread 0x00007fb45b81b800 2652       3       com.sun.prism.es2.GLContext::blendFunc (6 bytes)
Event: 23.706 Thread 0x00007fb45b81b800 nmethod 2652 0x00000001096240d0 code [0x0000000109624240, 0x00000001096243c8]

GC Heap History (4 events):
Event: 1.650 GC heap before
{Heap before GC invocations=1 (full 0):
 PSYoungGen      total 76288K, used 49442K [0x000000076ab00000, 0x0000000770000000, 0x00000007c0000000)
  eden space 65536K, 75% used [0x000000076ab00000,0x000000076db48a58,0x000000076eb00000)
  from space 10752K, 0% used [0x000000076f580000,0x000000076f580000,0x0000000770000000)
  to   space 10752K, 0% used [0x000000076eb00000,0x000000076eb00000,0x000000076f580000)
 ParOldGen       total 175104K, used 0K [0x00000006c0000000, 0x00000006cab00000, 0x000000076ab00000)
  object space 175104K, 0% used [0x00000006c0000000,0x00000006c0000000,0x00000006cab00000)
 Metaspace       used 20164K, capacity 21258K, committed 21296K, reserved 1067008K
  class space    used 3000K, capacity 3172K, committed 3200K, reserved 1048576K
Event: 1.658 GC heap after
Heap after GC invocations=1 (full 0):
 PSYoungGen      total 76288K, used 6906K [0x000000076ab00000, 0x0000000770000000, 0x00000007c0000000)
  eden space 65536K, 0% used [0x000000076ab00000,0x000000076ab00000,0x000000076eb00000)
  from space 10752K, 64% used [0x000000076eb00000,0x000000076f1beaf0,0x000000076f580000)
  to   space 10752K, 0% used [0x000000076f580000,0x000000076f580000,0x0000000770000000)
 ParOldGen       total 175104K, used 88K [0x00000006c0000000, 0x00000006cab00000, 0x000000076ab00000)
  object space 175104K, 0% used [0x00000006c0000000,0x00000006c0016010,0x00000006cab00000)
 Metaspace       used 20164K, capacity 21258K, committed 21296K, reserved 1067008K
  class space    used 3000K, capacity 3172K, committed 3200K, reserved 1048576K
}
Event: 1.658 GC heap before
{Heap before GC invocations=2 (full 1):
 PSYoungGen      total 76288K, used 6906K [0x000000076ab00000, 0x0000000770000000, 0x00000007c0000000)
  eden space 65536K, 0% used [0x000000076ab00000,0x000000076ab00000,0x000000076eb00000)
  from space 10752K, 64% used [0x000000076eb00000,0x000000076f1beaf0,0x000000076f580000)
  to   space 10752K, 0% used [0x000000076f580000,0x000000076f580000,0x0000000770000000)
 ParOldGen       total 175104K, used 88K [0x00000006c0000000, 0x00000006cab00000, 0x000000076ab00000)
  object space 175104K, 0% used [0x00000006c0000000,0x00000006c0016010,0x00000006cab00000)
 Metaspace       used 20164K, capacity 21258K, committed 21296K, reserved 1067008K
  class space    used 3000K, capacity 3172K, committed 3200K, reserved 1048576K
Event: 1.691 GC heap after
Heap after GC invocations=2 (full 1):
 PSYoungGen      total 76288K, used 0K [0x000000076ab00000, 0x0000000770000000, 0x00000007c0000000)
  eden space 65536K, 0% used [0x000000076ab00000,0x000000076ab00000,0x000000076eb00000)
  from space 10752K, 0% used [0x000000076eb00000,0x000000076eb00000,0x000000076f580000)
  to   space 10752K, 0% used [0x000000076f580000,0x000000076f580000,0x0000000770000000)
 ParOldGen       total 124928K, used 6427K [0x00000006c0000000, 0x00000006c7a00000, 0x000000076ab00000)
  object space 124928K, 5% used [0x00000006c0000000,0x00000006c0646cf0,0x00000006c7a00000)
 Metaspace       used 20162K, capacity 21256K, committed 21296K, reserved 1067008K
  class space    used 2999K, capacity 3171K, committed 3200K, reserved 1048576K
}

Deoptimization events (10 events):
Event: 0.943 Thread 0x00007fb45b0e4800 Uncommon trap: reason=class_check action=maybe_recompile pc=0x0000000108f7e95c method=java.lang.String.equals(Ljava/lang/Object;)Z @ 8
Event: 0.943 Thread 0x00007fb45b0e4800 Uncommon trap: reason=class_check action=maybe_recompile pc=0x0000000108f7e95c method=java.lang.String.equals(Ljava/lang/Object;)Z @ 8
Event: 0.943 Thread 0x00007fb45b0e4800 Uncommon trap: reason=class_check action=maybe_recompile pc=0x0000000108f7e95c method=java.lang.String.equals(Ljava/lang/Object;)Z @ 8
Event: 0.944 Thread 0x00007fb45b0e4800 Uncommon trap: reason=class_check action=maybe_recompile pc=0x0000000108f7e95c method=java.lang.String.equals(Ljava/lang/Object;)Z @ 8
Event: 1.175 Thread 0x00007fb45b0e4800 Uncommon trap: reason=unloaded action=reinterpret pc=0x00000001090449d8 method=java.lang.CharacterData.of(I)Ljava/lang/CharacterData; @ 96
Event: 3.923 Thread 0x00007fb45b0e4800 Uncommon trap: reason=unreached action=reinterpret pc=0x000000010929b5fc method=java.lang.ref.ReferenceQueue.poll()Ljava/lang/ref/Reference; @ 4
Event: 11.948 Thread 0x00007fb45b0e4800 Uncommon trap: reason=array_check action=maybe_recompile pc=0x000000010930049c method=com.sun.javafx.css.SimpleSelector.applies(Ljavafx/css/Styleable;[Ljava/util/Set;I)Z @ 37
Event: 11.948 Thread 0x00007fb45b0e4800 Uncommon trap: reason=array_check action=maybe_recompile pc=0x000000010930049c method=com.sun.javafx.css.SimpleSelector.applies(Ljavafx/css/Styleable;[Ljava/util/Set;I)Z @ 37
Event: 11.949 Thread 0x00007fb45b0e4800 Uncommon trap: reason=array_check action=maybe_recompile pc=0x000000010930049c method=com.sun.javafx.css.SimpleSelector.applies(Ljavafx/css/Styleable;[Ljava/util/Set;I)Z @ 37
Event: 11.950 Thread 0x00007fb45b0e4800 Uncommon trap: reason=array_check action=maybe_recompile pc=0x000000010930049c method=com.sun.javafx.css.SimpleSelector.applies(Ljavafx/css/Styleable;[Ljava/util/Set;I)Z @ 37

Internal exceptions (10 events):
Event: 1.408 Thread 0x00007fb45b0e4800 Exception <a 'java/security/PrivilegedActionException'> (0x000000076d397280) thrown at [/HUDSON3/workspace/8-2-build-macosx-x86_64/jdk8u20/1074/hotspot/src/share/vm/prims/jvm.cpp, line 1275]
Event: 1.409 Thread 0x00007fb45b0e4800 Exception <a 'java/security/PrivilegedActionException'> (0x000000076d3ae900) thrown at [/HUDSON3/workspace/8-2-build-macosx-x86_64/jdk8u20/1074/hotspot/src/share/vm/prims/jvm.cpp, line 1275]
Event: 1.409 Thread 0x00007fb45b0e4800 Exception <a 'java/security/PrivilegedActionException'> (0x000000076d3c6320) thrown at [/HUDSON3/workspace/8-2-build-macosx-x86_64/jdk8u20/1074/hotspot/src/share/vm/prims/jvm.cpp, line 1275]
Event: 3.919 Thread 0x00007fb45b0e4800 Exception <a 'java/security/PrivilegedActionException'> (0x000000076ad0deb8) thrown at [/HUDSON3/workspace/8-2-build-macosx-x86_64/jdk8u20/1074/hotspot/src/share/vm/prims/jvm.cpp, line 1275]
Event: 3.919 Thread 0x00007fb45b0e4800 Exception <a 'java/security/PrivilegedActionException'> (0x000000076ad11f00) thrown at [/HUDSON3/workspace/8-2-build-macosx-x86_64/jdk8u20/1074/hotspot/src/share/vm/prims/jvm.cpp, line 1275]
Event: 3.921 Thread 0x00007fb45b0e4800 Exception <a 'java/security/PrivilegedActionException'> (0x000000076ad1af40) thrown at [/HUDSON3/workspace/8-2-build-macosx-x86_64/jdk8u20/1074/hotspot/src/share/vm/prims/jvm.cpp, line 1275]
Event: 8.664 Thread 0x00007fb45b0e4800 Exception <a 'java/security/PrivilegedActionException'> (0x000000076af139a8) thrown at [/HUDSON3/workspace/8-2-build-macosx-x86_64/jdk8u20/1074/hotspot/src/share/vm/prims/jvm.cpp, line 1275]
Event: 8.664 Thread 0x00007fb45b0e4800 Exception <a 'java/security/PrivilegedActionException'> (0x000000076af152e8) thrown at [/HUDSON3/workspace/8-2-build-macosx-x86_64/jdk8u20/1074/hotspot/src/share/vm/prims/jvm.cpp, line 1275]
Event: 8.664 Thread 0x00007fb45b0e4800 Exception <a 'java/security/PrivilegedActionException'> (0x000000076af1a480) thrown at [/HUDSON3/workspace/8-2-build-macosx-x86_64/jdk8u20/1074/hotspot/src/share/vm/prims/jvm.cpp, line 1275]
Event: 8.664 Thread 0x00007fb45b0e4800 Exception <a 'java/security/PrivilegedActionException'> (0x000000076af1be30) thrown at [/HUDSON3/workspace/8-2-build-macosx-x86_64/jdk8u20/1074/hotspot/src/share/vm/prims/jvm.cpp, line 1275]

Events (10 events):
Event: 24.745 loading class javafx/application/Application done
Event: 24.745 loading class javafx/application/Application
Event: 24.745 loading class javafx/application/Application done
Event: 24.746 loading class com/sun/javafx/tk/quantum/QuantumRenderer
Event: 24.746 loading class com/sun/javafx/tk/quantum/QuantumRenderer done
Event: 24.747 loading class com/sun/javafx/tk/quantum/QuantumToolkit
Event: 24.747 loading class com/sun/javafx/tk/quantum/QuantumToolkit done
Event: 24.747 Thread 0x00007fb45c06b000 Thread exited: 0x00007fb45c06b000
Event: 24.747 Thread 0x00007fb45c156800 Thread exited: 0x00007fb45c156800
Event: 24.747 Thread 0x00007fb45b0e4800 Thread exited: 0x00007fb45b0e4800


Dynamic libraries:
0x0000000008e3a000 	/System/Library/Frameworks/Cocoa.framework/Versions/A/Cocoa
0x0000000008e3a000 	/System/Library/Frameworks/Security.framework/Versions/A/Security
0x0000000008e3a000 	/System/Library/Frameworks/ApplicationServices.framework/Versions/A/ApplicationServices
0x0000000008e3a000 	/usr/lib/libz.1.dylib
0x0000000008e3a000 	/usr/lib/libSystem.B.dylib
0x0000000008e3a000 	/usr/lib/libobjc.A.dylib
0x0000000008e3a000 	/System/Library/Frameworks/CoreFoundation.framework/Versions/A/CoreFoundation
0x0000000008e3a000 	/System/Library/Frameworks/Foundation.framework/Versions/C/Foundation
0x0000000008e3a000 	/System/Library/Frameworks/AppKit.framework/Versions/C/AppKit
0x0000000008e3a000 	/System/Library/Frameworks/CoreData.framework/Versions/A/CoreData
0x0000000008e3a000 	/System/Library/PrivateFrameworks/RemoteViewServices.framework/Versions/A/RemoteViewServices
0x0000000008e3a000 	/System/Library/PrivateFrameworks/UIFoundation.framework/Versions/A/UIFoundation
0x0000000008e3a000 	/System/Library/Frameworks/IOSurface.framework/Versions/A/IOSurface
0x0000000008e3a000 	/System/Library/Frameworks/AudioToolbox.framework/Versions/A/AudioToolbox
0x0000000008e3a000 	/System/Library/Frameworks/AudioUnit.framework/Versions/A/AudioUnit
0x0000000008e3a000 	/System/Library/PrivateFrameworks/DataDetectorsCore.framework/Versions/A/DataDetectorsCore
0x0000000008e3a000 	/System/Library/PrivateFrameworks/DesktopServicesPriv.framework/Versions/A/DesktopServicesPriv
0x0000000008e3a000 	/System/Library/Frameworks/Carbon.framework/Versions/A/Frameworks/HIToolbox.framework/Versions/A/HIToolbox
0x0000000008e3a000 	/System/Library/Frameworks/QuartzCore.framework/Versions/A/QuartzCore
0x0000000008e3a000 	/System/Library/Frameworks/Carbon.framework/Versions/A/Frameworks/SpeechRecognition.framework/Versions/A/SpeechRecognition
0x0000000008e3a000 	/usr/lib/libauto.dylib
0x0000000008e3a000 	/usr/lib/libicucore.A.dylib
0x0000000008e3a000 	/usr/lib/libxml2.2.dylib
0x0000000008e3a000 	/System/Library/PrivateFrameworks/CoreUI.framework/Versions/A/CoreUI
0x0000000008e3a000 	/System/Library/Frameworks/CoreAudio.framework/Versions/A/CoreAudio
0x0000000008e3a000 	/System/Library/Frameworks/DiskArbitration.framework/Versions/A/DiskArbitration
0x0000000008e3a000 	/usr/lib/liblangid.dylib
0x0000000008e3a000 	/System/Library/PrivateFrameworks/MultitouchSupport.framework/Versions/A/MultitouchSupport
0x0000000008e3a000 	/System/Library/Frameworks/IOKit.framework/Versions/A/IOKit
0x0000000008e3a000 	/usr/lib/libDiagnosticMessagesClient.dylib
0x0000000008e3a000 	/System/Library/Frameworks/CoreServices.framework/Versions/A/CoreServices
0x0000000008e3a000 	/System/Library/PrivateFrameworks/PerformanceAnalysis.framework/Versions/A/PerformanceAnalysis
0x0000000008e3a000 	/System/Library/PrivateFrameworks/GenerationalStorage.framework/Versions/A/GenerationalStorage
0x0000000008e3a000 	/System/Library/Frameworks/OpenGL.framework/Versions/A/OpenGL
0x0000000008e3a000 	/System/Library/PrivateFrameworks/Sharing.framework/Versions/A/Sharing
0x0000000008e3a000 	/System/Library/Frameworks/CoreGraphics.framework/Versions/A/CoreGraphics
0x0000000008e3a000 	/System/Library/Frameworks/CoreText.framework/Versions/A/CoreText
0x0000000008e3a000 	/System/Library/Frameworks/ImageIO.framework/Versions/A/ImageIO
0x0000000008e3a000 	/usr/lib/libextension.dylib
0x0000000008e3a000 	/System/Library/PrivateFrameworks/Backup.framework/Versions/A/Backup
0x0000000008e3a000 	/usr/lib/libarchive.2.dylib
0x0000000008e3a000 	/System/Library/Frameworks/CFNetwork.framework/Versions/A/CFNetwork
0x0000000008e3a000 	/System/Library/Frameworks/SystemConfiguration.framework/Versions/A/SystemConfiguration
0x0000000008e3a000 	/usr/lib/libCRFSuite.dylib
0x0000000008e3a000 	/usr/lib/libc++.1.dylib
0x0000000008e3a000 	/usr/lib/libc++abi.dylib
0x0000000008e3a000 	/usr/lib/system/libcache.dylib
0x0000000008e3a000 	/usr/lib/system/libcommonCrypto.dylib
0x0000000008e3a000 	/usr/lib/system/libcompiler_rt.dylib
0x0000000008e3a000 	/usr/lib/system/libcopyfile.dylib
0x0000000008e3a000 	/usr/lib/system/libcorecrypto.dylib
0x0000000008e3a000 	/usr/lib/system/libdispatch.dylib
0x0000000008e3a000 	/usr/lib/system/libdyld.dylib
0x0000000008e3a000 	/usr/lib/system/libkeymgr.dylib
0x0000000008e3a000 	/usr/lib/system/liblaunch.dylib
0x0000000008e3a000 	/usr/lib/system/libmacho.dylib
0x0000000008e3a000 	/usr/lib/system/libquarantine.dylib
0x0000000008e3a000 	/usr/lib/system/libremovefile.dylib
0x0000000008e3a000 	/usr/lib/system/libsystem_asl.dylib
0x0000000008e3a000 	/usr/lib/system/libsystem_blocks.dylib
0x0000000008e3a000 	/usr/lib/system/libsystem_c.dylib
0x0000000008e3a000 	/usr/lib/system/libsystem_configuration.dylib
0x0000000008e3a000 	/usr/lib/system/libsystem_coreservices.dylib
0x0000000008e3a000 	/usr/lib/system/libsystem_coretls.dylib
0x0000000008e3a000 	/usr/lib/system/libsystem_dnssd.dylib
0x0000000008e3a000 	/usr/lib/system/libsystem_info.dylib
0x0000000008e3a000 	/usr/lib/system/libsystem_kernel.dylib
0x0000000008e3a000 	/usr/lib/system/libsystem_m.dylib
0x0000000008e3a000 	/usr/lib/system/libsystem_malloc.dylib
0x0000000008e3a000 	/usr/lib/system/libsystem_network.dylib
0x0000000008e3a000 	/usr/lib/system/libsystem_networkextension.dylib
0x0000000008e3a000 	/usr/lib/system/libsystem_notify.dylib
0x0000000008e3a000 	/usr/lib/system/libsystem_platform.dylib
0x0000000008e3a000 	/usr/lib/system/libsystem_pthread.dylib
0x0000000008e3a000 	/usr/lib/system/libsystem_sandbox.dylib
0x0000000008e3a000 	/usr/lib/system/libsystem_secinit.dylib
0x0000000008e3a000 	/usr/lib/system/libsystem_stats.dylib
0x0000000008e3a000 	/usr/lib/system/libsystem_trace.dylib
0x0000000008e3a000 	/usr/lib/system/libunc.dylib
0x0000000008e3a000 	/usr/lib/system/libunwind.dylib
0x0000000008e3a000 	/usr/lib/system/libxpc.dylib
0x0000000008e3a000 	/usr/lib/libbz2.1.0.dylib
0x0000000008e3a000 	/usr/lib/liblzma.5.dylib
0x0000000008e3a000 	/usr/lib/libbsm.0.dylib
0x0000000008e3a000 	/usr/lib/libsqlite3.dylib
0x0000000008e3a000 	/usr/lib/system/libkxld.dylib
0x0000000008e3a000 	/usr/lib/libxar.1.dylib
0x0000000008e3a000 	/usr/lib/libpam.2.dylib
0x0000000008e3a000 	/usr/lib/libOpenScriptingUtil.dylib
0x0000000008e3a000 	/System/Library/Frameworks/CoreServices.framework/Versions/A/Frameworks/FSEvents.framework/Versions/A/FSEvents
0x0000000008e3a000 	/System/Library/Frameworks/CoreServices.framework/Versions/A/Frameworks/CarbonCore.framework/Versions/A/CarbonCore
0x0000000008e3a000 	/System/Library/Frameworks/CoreServices.framework/Versions/A/Frameworks/Metadata.framework/Versions/A/Metadata
0x0000000008e3a000 	/System/Library/Frameworks/CoreServices.framework/Versions/A/Frameworks/OSServices.framework/Versions/A/OSServices
0x0000000008e3a000 	/System/Library/Frameworks/CoreServices.framework/Versions/A/Frameworks/SearchKit.framework/Versions/A/SearchKit
0x0000000008e3a000 	/System/Library/Frameworks/CoreServices.framework/Versions/A/Frameworks/AE.framework/Versions/A/AE
0x0000000008e3a000 	/System/Library/Frameworks/CoreServices.framework/Versions/A/Frameworks/LaunchServices.framework/Versions/A/LaunchServices
0x0000000008e3a000 	/System/Library/Frameworks/CoreServices.framework/Versions/A/Frameworks/DictionaryServices.framework/Versions/A/DictionaryServices
0x0000000008e3a000 	/System/Library/Frameworks/NetFS.framework/Versions/A/NetFS
0x0000000008e3a000 	/System/Library/PrivateFrameworks/NetAuth.framework/Versions/A/NetAuth
0x0000000008e3a000 	/System/Library/PrivateFrameworks/login.framework/Versions/A/Frameworks/loginsupport.framework/Versions/A/loginsupport
0x0000000008e3a000 	/System/Library/PrivateFrameworks/TCC.framework/Versions/A/TCC
0x0000000008e3a000 	/usr/lib/libmecabra.dylib
0x0000000008e3a000 	/System/Library/PrivateFrameworks/LanguageModeling.framework/Versions/A/LanguageModeling
0x0000000008e3a000 	/usr/lib/libcmph.dylib
0x0000000008e3a000 	/usr/lib/libiconv.2.dylib
0x0000000008e3a000 	/System/Library/Frameworks/OpenDirectory.framework/Versions/A/Frameworks/CFOpenDirectory.framework/Versions/A/CFOpenDirectory
0x0000000008e3a000 	/System/Library/Frameworks/ServiceManagement.framework/Versions/A/ServiceManagement
0x0000000008e3a000 	/usr/lib/libxslt.1.dylib
0x0000000008e3a000 	/System/Library/Frameworks/Carbon.framework/Versions/A/Frameworks/Ink.framework/Versions/A/Ink
0x0000000008e3a000 	/System/Library/Frameworks/ApplicationServices.framework/Versions/A/Frameworks/ATS.framework/Versions/A/ATS
0x0000000008e3a000 	/System/Library/Frameworks/ApplicationServices.framework/Versions/A/Frameworks/ColorSync.framework/Versions/A/ColorSync
0x0000000008e3a000 	/System/Library/Frameworks/ApplicationServices.framework/Versions/A/Frameworks/HIServices.framework/Versions/A/HIServices
0x0000000008e3a000 	/System/Library/Frameworks/ApplicationServices.framework/Versions/A/Frameworks/LangAnalysis.framework/Versions/A/LangAnalysis
0x0000000008e3a000 	/System/Library/Frameworks/ApplicationServices.framework/Versions/A/Frameworks/PrintCore.framework/Versions/A/PrintCore
0x0000000008e3a000 	/System/Library/Frameworks/ApplicationServices.framework/Versions/A/Frameworks/QD.framework/Versions/A/QD
0x0000000008e3a000 	/System/Library/Frameworks/ApplicationServices.framework/Versions/A/Frameworks/SpeechSynthesis.framework/Versions/A/SpeechSynthesis
0x0000000008e3a000 	/System/Library/Frameworks/Accelerate.framework/Versions/A/Accelerate
0x0000000008e3a000 	/System/Library/Frameworks/Accelerate.framework/Versions/A/Frameworks/vImage.framework/Versions/A/vImage
0x0000000008e3a000 	/System/Library/Frameworks/Accelerate.framework/Versions/A/Frameworks/vecLib.framework/Versions/A/vecLib
0x0000000008e3a000 	/System/Library/Frameworks/Accelerate.framework/Versions/A/Frameworks/vecLib.framework/Versions/A/libvDSP.dylib
0x0000000008e3a000 	/System/Library/Frameworks/Accelerate.framework/Versions/A/Frameworks/vecLib.framework/Versions/A/libvMisc.dylib
0x0000000008e3a000 	/System/Library/Frameworks/Accelerate.framework/Versions/A/Frameworks/vecLib.framework/Versions/A/libLAPACK.dylib
0x0000000008e3a000 	/System/Library/Frameworks/Accelerate.framework/Versions/A/Frameworks/vecLib.framework/Versions/A/libBLAS.dylib
0x0000000008e3a000 	/System/Library/Frameworks/Accelerate.framework/Versions/A/Frameworks/vecLib.framework/Versions/A/libLinearAlgebra.dylib
0x0000000008e3a000 	/System/Library/Frameworks/ApplicationServices.framework/Versions/A/Frameworks/ATS.framework/Versions/A/Resources/libFontParser.dylib
0x0000000008e3a000 	/System/Library/Frameworks/ApplicationServices.framework/Versions/A/Frameworks/ATS.framework/Versions/A/Resources/libFontRegistry.dylib
0x0000000008e3a000 	/System/Library/PrivateFrameworks/AppleVPA.framework/Versions/A/AppleVPA
0x0000000008e3a000 	/System/Library/PrivateFrameworks/AppleJPEG.framework/Versions/A/AppleJPEG
0x0000000008e3a000 	/System/Library/Frameworks/ImageIO.framework/Versions/A/Resources/libJPEG.dylib
0x0000000008e3a000 	/System/Library/Frameworks/ImageIO.framework/Versions/A/Resources/libTIFF.dylib
0x0000000008e3a000 	/System/Library/Frameworks/ImageIO.framework/Versions/A/Resources/libPng.dylib
0x0000000008e3a000 	/System/Library/Frameworks/ImageIO.framework/Versions/A/Resources/libGIF.dylib
0x0000000008e3a000 	/System/Library/Frameworks/ImageIO.framework/Versions/A/Resources/libJP2.dylib
0x0000000008e3a000 	/System/Library/Frameworks/ImageIO.framework/Versions/A/Resources/libRadiance.dylib
0x0000000008e3a000 	/System/Library/Frameworks/CoreVideo.framework/Versions/A/CoreVideo
0x0000000008e3a000 	/System/Library/Frameworks/OpenGL.framework/Versions/A/Libraries/libGLU.dylib
0x0000000008e3a000 	/System/Library/Frameworks/OpenGL.framework/Versions/A/Libraries/libGFXShared.dylib
0x0000000008e3a000 	/System/Library/Frameworks/OpenGL.framework/Versions/A/Libraries/libGL.dylib
0x0000000008e3a000 	/System/Library/Frameworks/OpenGL.framework/Versions/A/Libraries/libGLImage.dylib
0x0000000008e3a000 	/System/Library/Frameworks/OpenGL.framework/Versions/A/Libraries/libCVMSPluginSupport.dylib
0x0000000008e3a000 	/System/Library/Frameworks/OpenGL.framework/Versions/A/Libraries/libCoreVMClient.dylib
0x0000000008e3a000 	/usr/lib/libcups.2.dylib
0x0000000008e3a000 	/System/Library/Frameworks/Kerberos.framework/Versions/A/Kerberos
0x0000000008e3a000 	/System/Library/Frameworks/GSS.framework/Versions/A/GSS
0x0000000008e3a000 	/usr/lib/libresolv.9.dylib
0x0000000008e3a000 	/System/Library/PrivateFrameworks/Heimdal.framework/Versions/A/Heimdal
0x0000000008e3a000 	/usr/lib/libheimdal-asn1.dylib
0x0000000008e3a000 	/System/Library/Frameworks/OpenDirectory.framework/Versions/A/OpenDirectory
0x0000000008e3a000 	/System/Library/PrivateFrameworks/CommonAuth.framework/Versions/A/CommonAuth
0x0000000008e3a000 	/System/Library/Frameworks/SecurityFoundation.framework/Versions/A/SecurityFoundation
0x0000000008e3a000 	/System/Library/Frameworks/QuartzCore.framework/Versions/A/Frameworks/CoreImage.framework/Versions/A/CoreImage
0x0000000008e3a000 	/System/Library/PrivateFrameworks/CrashReporterSupport.framework/Versions/A/CrashReporterSupport
0x0000000008e3a000 	/System/Library/Frameworks/OpenCL.framework/Versions/A/OpenCL
0x0000000008e3a000 	/System/Library/PrivateFrameworks/FaceCore.framework/Versions/A/FaceCore
0x0000000008e3a000 	/System/Library/PrivateFrameworks/Ubiquity.framework/Versions/A/Ubiquity
0x0000000008e3a000 	/System/Library/PrivateFrameworks/IconServices.framework/Versions/A/IconServices
0x0000000008e3a000 	/System/Library/PrivateFrameworks/ChunkingLibrary.framework/Versions/A/ChunkingLibrary
0x0000000008e3a000 	/System/Library/PrivateFrameworks/Apple80211.framework/Versions/A/Apple80211
0x0000000008e3a000 	/System/Library/Frameworks/CoreWLAN.framework/Versions/A/CoreWLAN
0x0000000008e3a000 	/System/Library/Frameworks/IOBluetooth.framework/Versions/A/IOBluetooth
0x0000000008e3a000 	/System/Library/PrivateFrameworks/CoreWiFi.framework/Versions/A/CoreWiFi
0x0000000008e3a000 	/System/Library/Frameworks/CoreBluetooth.framework/Versions/A/CoreBluetooth
0x0000000008e3a000 	/System/Library/PrivateFrameworks/DebugSymbols.framework/Versions/A/DebugSymbols
0x0000000008e3a000 	/System/Library/PrivateFrameworks/CoreSymbolication.framework/Versions/A/CoreSymbolication
0x0000000008e3a000 	/System/Library/PrivateFrameworks/Symbolication.framework/Versions/A/Symbolication
0x0000000008e3a000 	/System/Library/PrivateFrameworks/SpeechRecognitionCore.framework/Versions/A/SpeechRecognitionCore
0x0000000107e00000 	/Library/Java/JavaVirtualMachines/jdk1.8.0_20.jdk/Contents/Home/jre/lib/server/libjvm.dylib
0x0000000008e3a000 	/usr/lib/libstdc++.6.dylib
0x00000001075d1000 	/Library/Java/JavaVirtualMachines/jdk1.8.0_20.jdk/Contents/Home/jre/lib/libverify.dylib
0x0000000108e1e000 	/Library/Java/JavaVirtualMachines/jdk1.8.0_20.jdk/Contents/Home/jre/lib/libjava.dylib
0x00000001075e9000 	/Library/Java/JavaVirtualMachines/jdk1.8.0_20.jdk/Contents/Home/jre/lib/libzip.dylib
0x0000000123999000 	/System/Library/Frameworks/JavaVM.framework/Frameworks/JavaRuntimeSupport.framework/JavaRuntimeSupport
0x00000001239b1000 	/System/Library/Frameworks/JavaVM.framework/Versions/A/Frameworks/JavaNativeFoundation.framework/Versions/A/JavaNativeFoundation
0x00000001075f3000 	/System/Library/Frameworks/JavaVM.framework/Versions/A/JavaVM
0x0000000008e3a000 	/System/Library/Frameworks/Carbon.framework/Versions/A/Carbon
0x00000001239c6000 	/System/Library/PrivateFrameworks/JavaLaunching.framework/Versions/A/JavaLaunching
0x0000000008e3a000 	/System/Library/Frameworks/Carbon.framework/Versions/A/Frameworks/CommonPanels.framework/Versions/A/CommonPanels
0x0000000008e3a000 	/System/Library/Frameworks/Carbon.framework/Versions/A/Frameworks/Help.framework/Versions/A/Help
0x0000000008e3a000 	/System/Library/Frameworks/Carbon.framework/Versions/A/Frameworks/ImageCapture.framework/Versions/A/ImageCapture
0x0000000008e3a000 	/System/Library/Frameworks/Carbon.framework/Versions/A/Frameworks/OpenScripting.framework/Versions/A/OpenScripting
0x0000000008e3a000 	/System/Library/Frameworks/Carbon.framework/Versions/A/Frameworks/Print.framework/Versions/A/Print
0x0000000008e3a000 	/System/Library/Frameworks/Carbon.framework/Versions/A/Frameworks/SecurityHI.framework/Versions/A/SecurityHI
0x00000001259b0000 	/Library/Java/JavaVirtualMachines/jdk1.8.0_20.jdk/Contents/Home/jre/lib/libprism_es2.dylib
0x0000000008e3a000 	/System/Library/Frameworks/OpenGL.framework/Versions/A/Resources/GLEngine.bundle/GLEngine
0x0000000008e3a000 	/System/Library/Frameworks/OpenGL.framework/Versions/A/Libraries/libGLProgrammability.dylib
0x0000000000000000 	/System/Library/Extensions/AppleIntelHD5000GraphicsGLDriver.bundle/Contents/MacOS/AppleIntelHD5000GraphicsGLDriver
0x0000000008e3a000 	/System/Library/PrivateFrameworks/IOAccelerator.framework/Versions/A/IOAccelerator
0x0000000008e3a000 	/System/Library/PrivateFrameworks/GPUSupport.framework/Versions/A/Libraries/libGPUSupportMercury.dylib
0x0000000008e3a000 	/System/Library/Frameworks/OpenGL.framework/Versions/A/Resources/GLRendererFloat.bundle/GLRendererFloat
0x0000000008e3a000 	/System/Library/Frameworks/OpenCL.framework/Versions/A/Libraries/libcldcpuengine.dylib
0x0000000008e3a000 	/System/Library/PrivateFrameworks/DiskImages.framework/Versions/A/DiskImages
0x0000000008e3a000 	/System/Library/Frameworks/DiscRecording.framework/Versions/A/DiscRecording
0x0000000008e3a000 	/usr/lib/libcsfde.dylib
0x0000000008e3a000 	/usr/lib/libcurl.4.dylib
0x0000000008e3a000 	/System/Library/PrivateFrameworks/MediaKit.framework/Versions/A/MediaKit
0x0000000008e3a000 	/System/Library/PrivateFrameworks/ProtectedCloudStorage.framework/Versions/A/ProtectedCloudStorage
0x0000000008e3a000 	/usr/lib/libCoreStorage.dylib
0x0000000008e3a000 	/System/Library/PrivateFrameworks/EFILogin.framework/Versions/A/EFILogin
0x0000000008e3a000 	/usr/lib/libutil.dylib
0x0000000008e3a000 	/System/Library/PrivateFrameworks/FindMyDevice.framework/Versions/A/FindMyDevice
0x0000000008e3a000 	/System/Library/Frameworks/LDAP.framework/Versions/A/LDAP
0x0000000008e3a000 	/usr/lib/libsasl2.2.dylib
0x0000000008e3a000 	/System/Library/PrivateFrameworks/CoreDaemon.framework/Versions/B/CoreDaemon
0x0000000008e3a000 	/usr/lib/libcrypto.0.9.8.dylib
0x0000000008e3a000 	/System/Library/PrivateFrameworks/AppleSRP.framework/Versions/A/AppleSRP
0x0000000008e3a000 	/System/Library/PrivateFrameworks/TrustEvaluationAgent.framework/Versions/A/TrustEvaluationAgent
0x0000000125e5d000 	/Library/Java/JavaVirtualMachines/jdk1.8.0_20.jdk/Contents/Home/jre/lib/libglass.dylib
0x0000000008e3a000 	/System/Library/PrivateFrameworks/CoreServicesInternal.framework/Versions/A/CoreServicesInternal
0x0000000008e3a000 	/System/Library/PrivateFrameworks/CloudDocs.framework/Versions/A/CloudDocs
0x0000000008e3a000 	/System/Library/PrivateFrameworks/CoreDuet.framework/Versions/A/CoreDuet
0x0000000008e3a000 	/System/Library/Frameworks/CloudKit.framework/Versions/A/CloudKit
0x0000000008e3a000 	/System/Library/PrivateFrameworks/ProtocolBuffer.framework/Versions/A/ProtocolBuffer
0x0000000008e3a000 	/System/Library/PrivateFrameworks/CoreDuetDaemonProtocol.framework/Versions/A/CoreDuetDaemonProtocol
0x0000000008e3a000 	/System/Library/PrivateFrameworks/CoreDuetDebugLogging.framework/Versions/A/CoreDuetDebugLogging
0x0000000008e3a000 	/System/Library/Frameworks/CoreLocation.framework/Versions/A/CoreLocation
0x0000000008e3a000 	/System/Library/Frameworks/Accounts.framework/Versions/A/Accounts
0x0000000008e3a000 	/System/Library/PrivateFrameworks/ApplePushService.framework/Versions/A/ApplePushService
0x0000000008e3a000 	/System/Library/PrivateFrameworks/GeoServices.framework/Versions/A/GeoServices
0x0000000008e3a000 	/System/Library/PrivateFrameworks/OAuth.framework/Versions/A/OAuth
0x0000000008e3a000 	/System/Library/Frameworks/CoreGraphics.framework/Versions/A/Resources/libCGCMS.A.dylib
0x0000000008e3a000 	/System/Library/CoreServices/RawCamera.bundle/Contents/MacOS/RawCamera
0x0000000008e3a000 	/System/Library/Frameworks/CoreGraphics.framework/Versions/A/Resources/libRIP.A.dylib
0x0000000008e3a000 	/System/Library/PrivateFrameworks/FamilyControls.framework/Versions/A/FamilyControls
0x0000000008e3a000 	/System/Library/PrivateFrameworks/CommerceKit.framework/Versions/A/Frameworks/CommerceCore.framework/Versions/A/CommerceCore
0x0000000008e3a000 	/System/Library/PrivateFrameworks/SystemAdministration.framework/Versions/A/SystemAdministration
0x0000000008e3a000 	/System/Library/PrivateFrameworks/AppContainer.framework/Versions/A/AppContainer
0x0000000008e3a000 	/System/Library/PrivateFrameworks/SecCodeWrapper.framework/Versions/A/SecCodeWrapper
0x0000000008e3a000 	/System/Library/Frameworks/DirectoryService.framework/Versions/A/DirectoryService
0x0000000008e3a000 	/System/Library/PrivateFrameworks/LoginUIKit.framework/Versions/A/Frameworks/LoginUICore.framework/Versions/A/LoginUICore
0x0000000008e3a000 	/usr/lib/libodfde.dylib
0x0000000129523000 	/Library/Java/JavaVirtualMachines/jdk1.8.0_20.jdk/Contents/Home/jre/lib/libnet.dylib
0x0000000129584000 	/Library/Java/JavaVirtualMachines/jdk1.8.0_20.jdk/Contents/Home/jre/lib/libnio.dylib
0x0000000008e3a000 	/System/Library/Frameworks/CoreGraphics.framework/Versions/A/Resources/libCGXType.A.dylib
0x000000012ae59000 	cl_kernels
0x000000012ae5b000 	/System/Library/Frameworks/OpenCL.framework/Versions/A/Libraries/ImageFormats/unorm8_bgra.dylib
0x000000012ae4b000 	cl_kernels
0x000000012b417000 	/Library/Java/JavaVirtualMachines/jdk1.8.0_20.jdk/Contents/Home/jre/lib/libjavafx_font.dylib
0x000000012c308000 	/Library/Java/JavaVirtualMachines/jdk1.8.0_20.jdk/Contents/Home/jre/lib/libprism_common.dylib

VM Arguments:
jvm_args: -Dfile.encoding=UTF-8 
java_command: dialogueApp.Client
java_class_path (initial): /Users/leocorone/Documents/workspace/eclipse_luna/corba pull avance javafx/bin:/Users/leocorone/Downloads/eclipse/plugins/org.eclipse.fx.ide.css.jfx8_1.1.0.201411050807.jar
Launcher Type: SUN_STANDARD

Environment Variables:
PATH=/usr/bin:/bin:/usr/sbin:/sbin
SHELL=/bin/bash

Signal Handlers:
SIGSEGV: [libjvm.dylib+0x578fd7], sa_mask[0]=11111111011111110111111111111111, sa_flags=SA_ONSTACK|SA_RESTART|SA_SIGINFO
SIGBUS: [libjvm.dylib+0x578fd7], sa_mask[0]=11111111011111110111111111111111, sa_flags=SA_RESTART|SA_SIGINFO
SIGFPE: [libjvm.dylib+0x45ab0c], sa_mask[0]=11111111011111110111111111111111, sa_flags=SA_RESTART|SA_SIGINFO
SIGPIPE: [libjvm.dylib+0x45ab0c], sa_mask[0]=11111111011111110111111111111111, sa_flags=SA_RESTART|SA_SIGINFO
SIGXFSZ: [libjvm.dylib+0x45ab0c], sa_mask[0]=11111111011111110111111111111111, sa_flags=SA_RESTART|SA_SIGINFO
SIGILL: [libjvm.dylib+0x45ab0c], sa_mask[0]=11111111011111110111111111111111, sa_flags=SA_RESTART|SA_SIGINFO
SIGUSR1: SIG_DFL, sa_mask[0]=00000000000000000000000000000000, sa_flags=none
SIGUSR2: [libjvm.dylib+0x45a62a], sa_mask[0]=00100000000000000000000000000000, sa_flags=SA_RESTART|SA_SIGINFO
SIGHUP: [libjvm.dylib+0x458bfd], sa_mask[0]=11111111011111110111111111111111, sa_flags=SA_RESTART|SA_SIGINFO
SIGINT: [libjvm.dylib+0x458bfd], sa_mask[0]=11111111011111110111111111111111, sa_flags=SA_RESTART|SA_SIGINFO
SIGTERM: [libjvm.dylib+0x458bfd], sa_mask[0]=11111111011111110111111111111111, sa_flags=SA_RESTART|SA_SIGINFO
SIGQUIT: [libjvm.dylib+0x458bfd], sa_mask[0]=11111111011111110111111111111111, sa_flags=SA_RESTART|SA_SIGINFO


---------------  S Y S T E M  ---------------

OS:Bsduname:Darwin 14.0.0 Darwin Kernel Version 14.0.0: Fri Sep 19 00:26:44 PDT 2014; root:xnu-2782.1.97~2/RELEASE_X86_64 x86_64
rlimit: STACK 8192k, CORE 0k, NPROC 709, NOFILE 10240, AS infinity
load average:2.08 2.08 1.93

CPU:total 4 (2 cores per cpu, 2 threads per core) family 6 model 69 stepping 1, cmov, cx8, fxsr, mmx, sse, sse2, sse3, ssse3, sse4.1, sse4.2, popcnt, avx, avx2, aes, clmul, erms, lzcnt, ht, tsc, tscinvbit, bmi1, bmi2

Memory: 4k page, physical 16777216k(2835300k free)

/proc/meminfo:


vm_info: Java HotSpot(TM) 64-Bit Server VM (25.20-b23) for bsd-amd64 JRE (1.8.0_20-b26), built on Jul 30 2014 13:37:47 by "java_re" with gcc 4.2.1 (Based on Apple Inc. build 5658) (LLVM build 2336.9.00)

time: Mon Nov 17 20:40:43 2014
elapsed time: 75 seconds (0d 0h 1m 15s)

