#
# A fatal error has been detected by the Java Runtime Environment:
#
#  SIGSEGV (0xb) at pc=0x000000012980c3fd, pid=5982, tid=1811
#
# JRE version: Java(TM) SE Runtime Environment (8.0_20-b26) (build 1.8.0_20-b26)
# Java VM: Java HotSpot(TM) 64-Bit Server VM (25.20-b23 mixed mode bsd-amd64 compressed oops)
# Problematic frame:
# C  [libglass.dylib+0x163fd]  GlassScreenDidChangeScreenParameters+0x9d
#
# Failed to write core dump. Core dumps have been disabled. To enable core dumping, try "ulimit -c unlimited" before starting Java again
#
# If you would like to submit a bug report, please visit:
#   http://bugreport.sun.com/bugreport/crash.jsp
#

---------------  T H R E A D  ---------------

Current thread is native thread

siginfo: si_signo: 11 (SIGSEGV), si_code: 1 (SEGV_MAPERR), si_addr: 0x0000000000000000

Registers:
RAX=0x000000012983ee40, RBX=0x0000000000000000, RCX=0xc20085327e0e3703, RDX=0x00007fa1ca4f7188
RSP=0x00007fff54da8130, RBP=0x00007fff54da8140, RSI=0x00007fa1ca7011c8, RDI=0x0000000000000000
R8 =0x00007fff54da7fe0, R9 =0x00007fff79fa8300, R10=0x0000000000000000, R11=0x0000000000000246
R12=0x00007fa1ca606220, R13=0x00000000000f4268, R14=0x00007fa1ca7269d0, R15=0x00007fff54da8280
RIP=0x000000012980c3fd, EFLAGS=0x0000000000010206, ERR=0x0000000000000004
  TRAPNO=0x000000000000000e

Top of Stack: (sp=0x00007fff54da8130)
0x00007fff54da8130:   00007fff54da8310 00007fa1ca7269d0
0x00007fff54da8140:   00007fff54da8150 00007fff97278cbc
0x00007fff54da8150:   00007fff54da84b0 00007fff9716a1b4
0x00007fff54da8160:   00007fa1cc031200 0000000000000000
0x00007fff54da8170:   000000010ae6f000 00007fa1cfdfc080
0x00007fff54da8180:   0000000000001000 00000000000008e8
0x00007fff54da8190:   0000000000000004 00007fa1ca7269d0
0x00007fff54da81a0:   0000000000000000 00007fff54da8280
0x00007fff54da81b0:   0000000000000000 00007fa1ca726990
0x00007fff54da81c0:   00007fff54da8300 000000000000005f
0x00007fff54da81d0:   00000000000f4382 00007fa1ca6f4340
0x00007fff54da81e0:   00007fa1ca63c8f0 00007fa1ca606220
0x00007fff54da81f0:   0000000000000001 00000000000f4268
0x00007fff54da8200:   00007fa1ca606210 00007fff94dadacb
0x00007fff54da8210:   0000000000000001 0000000000000001
0x00007fff54da8220:   0000000000000030 0000000000000001
0x00007fff54da8230:   00007fff54da8250 00007fff94db3231
0x00007fff54da8240:   00007fff7b201dd0 0000000000000000
0x00007fff54da8250:   00007fff54da8270 0000000000000013
0x00007fff54da8260:   0006af0300000000 00007fa1ca606244
0x00007fff54da8270:   0000000000000000 00007fff9715fc8f
0x00007fff54da8280:   00007fa1ca7269d0 00007fff7b201dd0
0x00007fff54da8290:   00007fff54da8310 00007fff971687bf
0x00007fff54da82a0:   0000000000000005 000000010ae6f000
0x00007fff54da82b0:   000000010ae72a00 0000000000000002
0x00007fff54da82c0:   000000010ae6f000 00007fa1cfd002f2
0x00007fff54da82d0:   0000000000000003 000000010ae72a00
0x00007fff54da82e0:   00007fff54da83d0 00007fff94dac2a2
0x00007fff54da82f0:   00007fa1ca543870 00007fff54da84b8
0x00007fff54da8300:   0000000000000017 0000000000000000
0x00007fff54da8310:   00000000000f4268 00007fff9715ff83
0x00007fff54da8320:   00007fff00000000 00007fa1ca44d270 

Instructions: (pc=0x000000012980c3fd)
0x000000012980c3dd:   89 df 4c 89 f1 41 ff 90 68 04 00 00 48 8d 05 58
0x000000012980c3ed:   29 03 00 48 8b 30 48 8d 05 46 2a 03 00 48 8b 10
0x000000012980c3fd:   48 8b 0b 30 c0 48 89 df ff 91 68 04 00 00 48 8b
0x000000012980c40d:   03 48 89 df ff 50 78 48 85 c0 74 36 49 89 c6 48 

Register to memory mapping:

RAX=0x000000012983ee40: jScreenNotifySettingsChanged+0 in /Library/Java/JavaVirtualMachines/jdk1.8.0_20.jdk/Contents/Home/jre/lib/libglass.dylib at 0x00000001297f6000
RBX=0x0000000000000000 is an unknown value
RCX=0xc20085327e0e3703 is an unknown value
RDX=0x00007fa1ca4f7188 is an unknown value
RSP=0x00007fff54da8130 is an unknown value
RBP=0x00007fff54da8140 is an unknown value
RSI=0x00007fa1ca7011c8 is a global jni handle
RDI=0x0000000000000000 is an unknown value
R8 =0x00007fff54da7fe0 is an unknown value
R9 =0x00007fff79fa8300: _thread+0 in /usr/lib/system/libsystem_pthread.dylib at 0x00007fff8f651000
R10=0x0000000000000000 is an unknown value
R11=0x0000000000000246 is an unknown value
R12=0x00007fa1ca606220 is an unknown value
R13=0x00000000000f4268 is an unknown value
R14=0x00007fa1ca7269d0 is an unknown value
R15=0x00007fff54da8280 is an unknown value


Stack: [0x00007fff545ab000,0x00007fff54dab000],  sp=0x00007fff54da8130,  free space=8180k
Native frames: (J=compiled Java code, j=interpreted, Vv=VM code, C=native code)
C  [libglass.dylib+0x163fd]  GlassScreenDidChangeScreenParameters+0x9d
C  [CoreFoundation+0x11ecbc]  __CFNOTIFICATIONCENTER_IS_CALLING_OUT_TO_AN_OBSERVER__+0xc
C  [CoreFoundation+0x101b4]  _CFXNotificationPost+0xc44
C  [Foundation+0x2ea1]  -[NSNotificationCenter postNotificationName:object:userInfo:]+0x42
C  [AppKit+0x362f3e]  -[NSApplication _reactToScreenInvalidationImmediately:]+0x17b
C  [AppKit+0x362d7d]  __44-[NSApplication _reactToScreenInvalidation:]_block_invoke+0x4b
C  [CoreFoundation+0x8054c]  __CFRUNLOOP_IS_CALLING_OUT_TO_A_BLOCK__+0xc
C  [CoreFoundation+0x72655]  __CFRunLoopDoBlocks+0x155
C  [CoreFoundation+0x72196]  __CFRunLoopRun+0x716
C  [CoreFoundation+0x71838]  CFRunLoopRunSpecific+0x128
C  [java+0x56cc]  CreateExecutionEnvironment+0x367
C  [java+0x165c]  JLI_Launch+0x7a0
C  [java+0x768a]  main+0x65
C  [java+0xeb4]  start+0x34


---------------  P R O C E S S  ---------------

VM state:not at safepoint (normal execution)

VM Mutex/Monitor currently owned by a thread: None

Heap:
 PSYoungGen      total 76288K, used 12481K [0x000000076ab00000, 0x0000000770000000, 0x00000007c0000000)
  eden space 65536K, 19% used [0x000000076ab00000,0x000000076b730560,0x000000076eb00000)
  from space 10752K, 0% used [0x000000076eb00000,0x000000076eb00000,0x000000076f580000)
  to   space 10752K, 0% used [0x000000076f580000,0x000000076f580000,0x0000000770000000)
 ParOldGen       total 72192K, used 6288K [0x00000006c0000000, 0x00000006c4680000, 0x000000076ab00000)
  object space 72192K, 8% used [0x00000006c0000000,0x00000006c0624150,0x00000006c4680000)
 Metaspace       used 20935K, capacity 21928K, committed 22144K, reserved 1069056K
  class space    used 2999K, capacity 3141K, committed 3200K, reserved 1048576K

Card table byte_map: [0x000000011bbde000,0x000000011c3df000] byte_map_base: 0x00000001185de000

Marking Bits: (ParMarkBitMap*) 0x000000010c09c330
 Begin Bits: [0x000000011cd41000, 0x0000000120d41000)
 End Bits:   [0x0000000120d41000, 0x0000000124d41000)

Polling page: 0x000000010afac000

CodeCache: size=245760Kb used=8224Kb max_used=8224Kb free=237535Kb
 bounds [0x000000010c81e000, 0x000000010d02e000, 0x000000011b81e000]
 total_blobs=3317 nmethods=2663 adapters=567
 compilation: enabled

Compilation events (10 events):
Event: 362.184 Thread 0x00007fa1cb004800 2672       3       java.util.EnumMap::values (26 bytes)
Event: 362.184 Thread 0x00007fa1cb004800 nmethod 2672 0x000000010d026a90 code [0x000000010d026c20, 0x000000010d026fd0]
Event: 362.200 Thread 0x00007fa1cb004800 2673       3       com.sun.javafx.scene.EnteredExitedHandler::dispatchBubblingEvent (204 bytes)
Event: 362.201 Thread 0x00007fa1cb004800 nmethod 2673 0x000000010d027190 code [0x000000010d027520, 0x000000010d029c18]
Event: 362.287 Thread 0x00007fa1cb004800 2674       1       com.sun.javafx.event.CompositeEventHandler$NormalEventHandlerRecord::isDisconnected (2 bytes)
Event: 362.287 Thread 0x00007fa1cb004800 nmethod 2674 0x000000010d02aa50 code [0x000000010d02aba0, 0x000000010d02acb0]
Event: 362.289 Thread 0x00007fa1cb004800 2675       3       java.util.concurrent.locks.LockSupport::unpark (12 bytes)
Event: 362.289 Thread 0x00007fa1cb004800 nmethod 2675 0x000000010d02ad10 code [0x000000010d02ae80, 0x000000010d02b0a8]
Event: 362.803 Thread 0x00007fa1cb004800 2676       3       java.util.concurrent.locks.AbstractQueuedSynchronizer::setHead (16 bytes)
Event: 362.803 Thread 0x00007fa1cb004800 nmethod 2676 0x000000010d02b150 code [0x000000010d02b2c0, 0x000000010d02b490]

GC Heap History (4 events):
Event: 10.422 GC heap before
{Heap before GC invocations=1 (full 0):
 PSYoungGen      total 76288K, used 49440K [0x000000076ab00000, 0x0000000770000000, 0x00000007c0000000)
  eden space 65536K, 75% used [0x000000076ab00000,0x000000076db480d8,0x000000076eb00000)
  from space 10752K, 0% used [0x000000076f580000,0x000000076f580000,0x0000000770000000)
  to   space 10752K, 0% used [0x000000076eb00000,0x000000076eb00000,0x000000076f580000)
 ParOldGen       total 175104K, used 0K [0x00000006c0000000, 0x00000006cab00000, 0x000000076ab00000)
  object space 175104K, 0% used [0x00000006c0000000,0x00000006c0000000,0x00000006cab00000)
 Metaspace       used 20214K, capacity 21144K, committed 21296K, reserved 1067008K
  class space    used 2945K, capacity 3090K, committed 3200K, reserved 1048576K
Event: 10.433 GC heap after
Heap after GC invocations=1 (full 0):
 PSYoungGen      total 76288K, used 6728K [0x000000076ab00000, 0x0000000770000000, 0x00000007c0000000)
  eden space 65536K, 0% used [0x000000076ab00000,0x000000076ab00000,0x000000076eb00000)
  from space 10752K, 62% used [0x000000076eb00000,0x000000076f192070,0x000000076f580000)
  to   space 10752K, 0% used [0x000000076f580000,0x000000076f580000,0x0000000770000000)
 ParOldGen       total 175104K, used 88K [0x00000006c0000000, 0x00000006cab00000, 0x000000076ab00000)
  object space 175104K, 0% used [0x00000006c0000000,0x00000006c0016010,0x00000006cab00000)
 Metaspace       used 20214K, capacity 21144K, committed 21296K, reserved 1067008K
  class space    used 2945K, capacity 3090K, committed 3200K, reserved 1048576K
}
Event: 10.433 GC heap before
{Heap before GC invocations=2 (full 1):
 PSYoungGen      total 76288K, used 6728K [0x000000076ab00000, 0x0000000770000000, 0x00000007c0000000)
  eden space 65536K, 0% used [0x000000076ab00000,0x000000076ab00000,0x000000076eb00000)
  from space 10752K, 62% used [0x000000076eb00000,0x000000076f192070,0x000000076f580000)
  to   space 10752K, 0% used [0x000000076f580000,0x000000076f580000,0x0000000770000000)
 ParOldGen       total 175104K, used 88K [0x00000006c0000000, 0x00000006cab00000, 0x000000076ab00000)
  object space 175104K, 0% used [0x00000006c0000000,0x00000006c0016010,0x00000006cab00000)
 Metaspace       used 20214K, capacity 21144K, committed 21296K, reserved 1067008K
  class space    used 2945K, capacity 3090K, committed 3200K, reserved 1048576K
Event: 10.470 GC heap after
Heap after GC invocations=2 (full 1):
 PSYoungGen      total 76288K, used 0K [0x000000076ab00000, 0x0000000770000000, 0x00000007c0000000)
  eden space 65536K, 0% used [0x000000076ab00000,0x000000076ab00000,0x000000076eb00000)
  from space 10752K, 0% used [0x000000076eb00000,0x000000076eb00000,0x000000076f580000)
  to   space 10752K, 0% used [0x000000076f580000,0x000000076f580000,0x0000000770000000)
 ParOldGen       total 72192K, used 6288K [0x00000006c0000000, 0x00000006c4680000, 0x000000076ab00000)
  object space 72192K, 8% used [0x00000006c0000000,0x00000006c0624150,0x00000006c4680000)
 Metaspace       used 20213K, capacity 21142K, committed 21296K, reserved 1067008K
  class space    used 2944K, capacity 3089K, committed 3200K, reserved 1048576K
}

Deoptimization events (10 events):
Event: 0.804 Thread 0x00007fa1ca99b000 Uncommon trap: reason=class_check action=maybe_recompile pc=0x000000010caaad90 method=java.io.DataInputStream.readShort()S @ 4
Event: 0.805 Thread 0x00007fa1ca99b000 Uncommon trap: reason=class_check action=maybe_recompile pc=0x000000010caaad90 method=java.io.DataInputStream.readShort()S @ 4
Event: 0.805 Thread 0x00007fa1ca99b000 Uncommon trap: reason=class_check action=maybe_recompile pc=0x000000010caaad90 method=java.io.DataInputStream.readShort()S @ 4
Event: 0.811 Thread 0x00007fa1ca99b000 Uncommon trap: reason=class_check action=maybe_recompile pc=0x000000010c949f9c method=java.lang.String.equals(Ljava/lang/Object;)Z @ 8
Event: 0.811 Thread 0x00007fa1ca99b000 Uncommon trap: reason=class_check action=maybe_recompile pc=0x000000010c949f9c method=java.lang.String.equals(Ljava/lang/Object;)Z @ 8
Event: 0.811 Thread 0x00007fa1ca99b000 Uncommon trap: reason=class_check action=maybe_recompile pc=0x000000010c949f9c method=java.lang.String.equals(Ljava/lang/Object;)Z @ 8
Event: 0.813 Thread 0x00007fa1ca99b000 Uncommon trap: reason=class_check action=maybe_recompile pc=0x000000010c949f9c method=java.lang.String.equals(Ljava/lang/Object;)Z @ 8
Event: 1.011 Thread 0x00007fa1ca99b000 Uncommon trap: reason=unloaded action=reinterpret pc=0x000000010ca0e898 method=java.lang.CharacterData.of(I)Ljava/lang/CharacterData; @ 96
Event: 14.861 Thread 0x00007fa1ca99b000 Uncommon trap: reason=unreached action=reinterpret pc=0x000000010cc714fc method=java.lang.ref.ReferenceQueue.poll()Ljava/lang/ref/Reference; @ 4
Event: 44.474 Thread 0x00007fa1ca99b000 Uncommon trap: reason=unreached action=reinterpret pc=0x000000010cfc1cb4 method=javafx.scene.CssStyleHelper.resolveRef(Ljavafx/css/Styleable;Ljava/lang/String;Lcom/sun/javafx/css/StyleMap;Ljava/util/Set;)Lcom/sun/javafx/css/CascadingStyle; @ 66

Internal exceptions (10 events):
Event: 1.152 Thread 0x00007fa1ca99b000 Exception <a 'java/security/PrivilegedActionException'> (0x000000076d136f10) thrown at [/HUDSON3/workspace/8-2-build-macosx-x86_64/jdk8u20/1074/hotspot/src/share/vm/prims/jvm.cpp, line 1275]
Event: 1.152 Thread 0x00007fa1ca99b000 Exception <a 'java/security/PrivilegedActionException'> (0x000000076d138310) thrown at [/HUDSON3/workspace/8-2-build-macosx-x86_64/jdk8u20/1074/hotspot/src/share/vm/prims/jvm.cpp, line 1275]
Event: 1.153 Thread 0x00007fa1ca99b000 Exception <a 'java/security/PrivilegedActionException'> (0x000000076d157960) thrown at [/HUDSON3/workspace/8-2-build-macosx-x86_64/jdk8u20/1074/hotspot/src/share/vm/prims/jvm.cpp, line 1275]
Event: 1.153 Thread 0x00007fa1ca99b000 Exception <a 'java/security/PrivilegedActionException'> (0x000000076d158dc8) thrown at [/HUDSON3/workspace/8-2-build-macosx-x86_64/jdk8u20/1074/hotspot/src/share/vm/prims/jvm.cpp, line 1275]
Event: 1.234 Thread 0x00007fa1ca99b000 Exception <a 'java/security/PrivilegedActionException'> (0x000000076d381840) thrown at [/HUDSON3/workspace/8-2-build-macosx-x86_64/jdk8u20/1074/hotspot/src/share/vm/prims/jvm.cpp, line 1275]
Event: 1.235 Thread 0x00007fa1ca99b000 Exception <a 'java/security/PrivilegedActionException'> (0x000000076d398ec0) thrown at [/HUDSON3/workspace/8-2-build-macosx-x86_64/jdk8u20/1074/hotspot/src/share/vm/prims/jvm.cpp, line 1275]
Event: 1.236 Thread 0x00007fa1ca99b000 Exception <a 'java/security/PrivilegedActionException'> (0x000000076d3b08e0) thrown at [/HUDSON3/workspace/8-2-build-macosx-x86_64/jdk8u20/1074/hotspot/src/share/vm/prims/jvm.cpp, line 1275]
Event: 19.975 Thread 0x00007fa1ca99b000 Exception <a 'java/security/PrivilegedActionException'> (0x000000076adf2998) thrown at [/HUDSON3/workspace/8-2-build-macosx-x86_64/jdk8u20/1074/hotspot/src/share/vm/prims/jvm.cpp, line 1275]
Event: 19.975 Thread 0x00007fa1ca99b000 Exception <a 'java/security/PrivilegedActionException'> (0x000000076afe2388) thrown at [/HUDSON3/workspace/8-2-build-macosx-x86_64/jdk8u20/1074/hotspot/src/share/vm/prims/jvm.cpp, line 1275]
Event: 43.164 Thread 0x00007fa1ca99b000 Exception <a 'java/security/PrivilegedActionException'> (0x000000076b2226d8) thrown at [/HUDSON3/workspace/8-2-build-macosx-x86_64/jdk8u20/1074/hotspot/src/share/vm/prims/jvm.cpp, line 1275]

Events (10 events):
Event: 362.800 loading class javafx/application/Application done
Event: 362.800 loading class javafx/application/Application
Event: 362.800 loading class javafx/application/Application done
Event: 362.802 loading class com/sun/javafx/tk/quantum/QuantumRenderer
Event: 362.802 loading class com/sun/javafx/tk/quantum/QuantumRenderer done
Event: 362.802 loading class com/sun/javafx/tk/quantum/QuantumToolkit
Event: 362.802 loading class com/sun/javafx/tk/quantum/QuantumToolkit done
Event: 362.802 Thread 0x00007fa1cb02e000 Thread exited: 0x00007fa1cb02e000
Event: 362.802 Thread 0x00007fa1cb9cb000 Thread exited: 0x00007fa1cb9cb000
Event: 362.803 Thread 0x00007fa1ca99b000 Thread exited: 0x00007fa1ca99b000


Dynamic libraries:
0x0000000008e3a000 	/System/Library/Frameworks/Cocoa.framework/Versions/A/Cocoa
0x0000000008e3a000 	/System/Library/Frameworks/Security.framework/Versions/A/Security
0x0000000008e3a000 	/System/Library/Frameworks/ApplicationServices.framework/Versions/A/ApplicationServices
0x0000000008e3a000 	/usr/lib/libz.1.dylib
0x0000000008e3a000 	/usr/lib/libSystem.B.dylib
0x0000000008e3a000 	/usr/lib/libobjc.A.dylib
0x0000000008e3a000 	/System/Library/Frameworks/CoreFoundation.framework/Versions/A/CoreFoundation
0x0000000008e3a000 	/System/Library/Frameworks/Foundation.framework/Versions/C/Foundation
0x0000000008e3a000 	/System/Library/Frameworks/AppKit.framework/Versions/C/AppKit
0x0000000008e3a000 	/System/Library/Frameworks/CoreData.framework/Versions/A/CoreData
0x0000000008e3a000 	/System/Library/PrivateFrameworks/RemoteViewServices.framework/Versions/A/RemoteViewServices
0x0000000008e3a000 	/System/Library/PrivateFrameworks/UIFoundation.framework/Versions/A/UIFoundation
0x0000000008e3a000 	/System/Library/Frameworks/IOSurface.framework/Versions/A/IOSurface
0x0000000008e3a000 	/System/Library/Frameworks/AudioToolbox.framework/Versions/A/AudioToolbox
0x0000000008e3a000 	/System/Library/Frameworks/AudioUnit.framework/Versions/A/AudioUnit
0x0000000008e3a000 	/System/Library/PrivateFrameworks/DataDetectorsCore.framework/Versions/A/DataDetectorsCore
0x0000000008e3a000 	/System/Library/PrivateFrameworks/DesktopServicesPriv.framework/Versions/A/DesktopServicesPriv
0x0000000008e3a000 	/System/Library/Frameworks/Carbon.framework/Versions/A/Frameworks/HIToolbox.framework/Versions/A/HIToolbox
0x0000000008e3a000 	/System/Library/Frameworks/QuartzCore.framework/Versions/A/QuartzCore
0x0000000008e3a000 	/System/Library/Frameworks/Carbon.framework/Versions/A/Frameworks/SpeechRecognition.framework/Versions/A/SpeechRecognition
0x0000000008e3a000 	/usr/lib/libauto.dylib
0x0000000008e3a000 	/usr/lib/libicucore.A.dylib
0x0000000008e3a000 	/usr/lib/libxml2.2.dylib
0x0000000008e3a000 	/System/Library/PrivateFrameworks/CoreUI.framework/Versions/A/CoreUI
0x0000000008e3a000 	/System/Library/Frameworks/CoreAudio.framework/Versions/A/CoreAudio
0x0000000008e3a000 	/System/Library/Frameworks/DiskArbitration.framework/Versions/A/DiskArbitration
0x0000000008e3a000 	/usr/lib/liblangid.dylib
0x0000000008e3a000 	/System/Library/PrivateFrameworks/MultitouchSupport.framework/Versions/A/MultitouchSupport
0x0000000008e3a000 	/System/Library/Frameworks/IOKit.framework/Versions/A/IOKit
0x0000000008e3a000 	/usr/lib/libDiagnosticMessagesClient.dylib
0x0000000008e3a000 	/System/Library/Frameworks/CoreServices.framework/Versions/A/CoreServices
0x0000000008e3a000 	/System/Library/PrivateFrameworks/PerformanceAnalysis.framework/Versions/A/PerformanceAnalysis
0x0000000008e3a000 	/System/Library/PrivateFrameworks/GenerationalStorage.framework/Versions/A/GenerationalStorage
0x0000000008e3a000 	/System/Library/Frameworks/OpenGL.framework/Versions/A/OpenGL
0x0000000008e3a000 	/System/Library/PrivateFrameworks/Sharing.framework/Versions/A/Sharing
0x0000000008e3a000 	/System/Library/Frameworks/CoreGraphics.framework/Versions/A/CoreGraphics
0x0000000008e3a000 	/System/Library/Frameworks/CoreText.framework/Versions/A/CoreText
0x0000000008e3a000 	/System/Library/Frameworks/ImageIO.framework/Versions/A/ImageIO
0x0000000008e3a000 	/usr/lib/libextension.dylib
0x0000000008e3a000 	/System/Library/PrivateFrameworks/Backup.framework/Versions/A/Backup
0x0000000008e3a000 	/usr/lib/libarchive.2.dylib
0x0000000008e3a000 	/System/Library/Frameworks/CFNetwork.framework/Versions/A/CFNetwork
0x0000000008e3a000 	/System/Library/Frameworks/SystemConfiguration.framework/Versions/A/SystemConfiguration
0x0000000008e3a000 	/usr/lib/libCRFSuite.dylib
0x0000000008e3a000 	/usr/lib/libc++.1.dylib
0x0000000008e3a000 	/usr/lib/libc++abi.dylib
0x0000000008e3a000 	/usr/lib/system/libcache.dylib
0x0000000008e3a000 	/usr/lib/system/libcommonCrypto.dylib
0x0000000008e3a000 	/usr/lib/system/libcompiler_rt.dylib
0x0000000008e3a000 	/usr/lib/system/libcopyfile.dylib
0x0000000008e3a000 	/usr/lib/system/libcorecrypto.dylib
0x0000000008e3a000 	/usr/lib/system/libdispatch.dylib
0x0000000008e3a000 	/usr/lib/system/libdyld.dylib
0x0000000008e3a000 	/usr/lib/system/libkeymgr.dylib
0x0000000008e3a000 	/usr/lib/system/liblaunch.dylib
0x0000000008e3a000 	/usr/lib/system/libmacho.dylib
0x0000000008e3a000 	/usr/lib/system/libquarantine.dylib
0x0000000008e3a000 	/usr/lib/system/libremovefile.dylib
0x0000000008e3a000 	/usr/lib/system/libsystem_asl.dylib
0x0000000008e3a000 	/usr/lib/system/libsystem_blocks.dylib
0x0000000008e3a000 	/usr/lib/system/libsystem_c.dylib
0x0000000008e3a000 	/usr/lib/system/libsystem_configuration.dylib
0x0000000008e3a000 	/usr/lib/system/libsystem_coreservices.dylib
0x0000000008e3a000 	/usr/lib/system/libsystem_coretls.dylib
0x0000000008e3a000 	/usr/lib/system/libsystem_dnssd.dylib
0x0000000008e3a000 	/usr/lib/system/libsystem_info.dylib
0x0000000008e3a000 	/usr/lib/system/libsystem_kernel.dylib
0x0000000008e3a000 	/usr/lib/system/libsystem_m.dylib
0x0000000008e3a000 	/usr/lib/system/libsystem_malloc.dylib
0x0000000008e3a000 	/usr/lib/system/libsystem_network.dylib
0x0000000008e3a000 	/usr/lib/system/libsystem_networkextension.dylib
0x0000000008e3a000 	/usr/lib/system/libsystem_notify.dylib
0x0000000008e3a000 	/usr/lib/system/libsystem_platform.dylib
0x0000000008e3a000 	/usr/lib/system/libsystem_pthread.dylib
0x0000000008e3a000 	/usr/lib/system/libsystem_sandbox.dylib
0x0000000008e3a000 	/usr/lib/system/libsystem_secinit.dylib
0x0000000008e3a000 	/usr/lib/system/libsystem_stats.dylib
0x0000000008e3a000 	/usr/lib/system/libsystem_trace.dylib
0x0000000008e3a000 	/usr/lib/system/libunc.dylib
0x0000000008e3a000 	/usr/lib/system/libunwind.dylib
0x0000000008e3a000 	/usr/lib/system/libxpc.dylib
0x0000000008e3a000 	/usr/lib/libbz2.1.0.dylib
0x0000000008e3a000 	/usr/lib/liblzma.5.dylib
0x0000000008e3a000 	/usr/lib/libbsm.0.dylib
0x0000000008e3a000 	/usr/lib/libsqlite3.dylib
0x0000000008e3a000 	/usr/lib/system/libkxld.dylib
0x0000000008e3a000 	/usr/lib/libxar.1.dylib
0x0000000008e3a000 	/usr/lib/libpam.2.dylib
0x0000000008e3a000 	/usr/lib/libOpenScriptingUtil.dylib
0x0000000008e3a000 	/System/Library/Frameworks/CoreServices.framework/Versions/A/Frameworks/FSEvents.framework/Versions/A/FSEvents
0x0000000008e3a000 	/System/Library/Frameworks/CoreServices.framework/Versions/A/Frameworks/CarbonCore.framework/Versions/A/CarbonCore
0x0000000008e3a000 	/System/Library/Frameworks/CoreServices.framework/Versions/A/Frameworks/Metadata.framework/Versions/A/Metadata
0x0000000008e3a000 	/System/Library/Frameworks/CoreServices.framework/Versions/A/Frameworks/OSServices.framework/Versions/A/OSServices
0x0000000008e3a000 	/System/Library/Frameworks/CoreServices.framework/Versions/A/Frameworks/SearchKit.framework/Versions/A/SearchKit
0x0000000008e3a000 	/System/Library/Frameworks/CoreServices.framework/Versions/A/Frameworks/AE.framework/Versions/A/AE
0x0000000008e3a000 	/System/Library/Frameworks/CoreServices.framework/Versions/A/Frameworks/LaunchServices.framework/Versions/A/LaunchServices
0x0000000008e3a000 	/System/Library/Frameworks/CoreServices.framework/Versions/A/Frameworks/DictionaryServices.framework/Versions/A/DictionaryServices
0x0000000008e3a000 	/System/Library/Frameworks/NetFS.framework/Versions/A/NetFS
0x0000000008e3a000 	/System/Library/PrivateFrameworks/NetAuth.framework/Versions/A/NetAuth
0x0000000008e3a000 	/System/Library/PrivateFrameworks/login.framework/Versions/A/Frameworks/loginsupport.framework/Versions/A/loginsupport
0x0000000008e3a000 	/System/Library/PrivateFrameworks/TCC.framework/Versions/A/TCC
0x0000000008e3a000 	/usr/lib/libmecabra.dylib
0x0000000008e3a000 	/System/Library/PrivateFrameworks/LanguageModeling.framework/Versions/A/LanguageModeling
0x0000000008e3a000 	/usr/lib/libcmph.dylib
0x0000000008e3a000 	/usr/lib/libiconv.2.dylib
0x0000000008e3a000 	/System/Library/Frameworks/OpenDirectory.framework/Versions/A/Frameworks/CFOpenDirectory.framework/Versions/A/CFOpenDirectory
0x0000000008e3a000 	/System/Library/Frameworks/ServiceManagement.framework/Versions/A/ServiceManagement
0x0000000008e3a000 	/usr/lib/libxslt.1.dylib
0x0000000008e3a000 	/System/Library/Frameworks/Carbon.framework/Versions/A/Frameworks/Ink.framework/Versions/A/Ink
0x0000000008e3a000 	/System/Library/Frameworks/ApplicationServices.framework/Versions/A/Frameworks/ATS.framework/Versions/A/ATS
0x0000000008e3a000 	/System/Library/Frameworks/ApplicationServices.framework/Versions/A/Frameworks/ColorSync.framework/Versions/A/ColorSync
0x0000000008e3a000 	/System/Library/Frameworks/ApplicationServices.framework/Versions/A/Frameworks/HIServices.framework/Versions/A/HIServices
0x0000000008e3a000 	/System/Library/Frameworks/ApplicationServices.framework/Versions/A/Frameworks/LangAnalysis.framework/Versions/A/LangAnalysis
0x0000000008e3a000 	/System/Library/Frameworks/ApplicationServices.framework/Versions/A/Frameworks/PrintCore.framework/Versions/A/PrintCore
0x0000000008e3a000 	/System/Library/Frameworks/ApplicationServices.framework/Versions/A/Frameworks/QD.framework/Versions/A/QD
0x0000000008e3a000 	/System/Library/Frameworks/ApplicationServices.framework/Versions/A/Frameworks/SpeechSynthesis.framework/Versions/A/SpeechSynthesis
0x0000000008e3a000 	/System/Library/Frameworks/Accelerate.framework/Versions/A/Accelerate
0x0000000008e3a000 	/System/Library/Frameworks/Accelerate.framework/Versions/A/Frameworks/vImage.framework/Versions/A/vImage
0x0000000008e3a000 	/System/Library/Frameworks/Accelerate.framework/Versions/A/Frameworks/vecLib.framework/Versions/A/vecLib
0x0000000008e3a000 	/System/Library/Frameworks/Accelerate.framework/Versions/A/Frameworks/vecLib.framework/Versions/A/libvDSP.dylib
0x0000000008e3a000 	/System/Library/Frameworks/Accelerate.framework/Versions/A/Frameworks/vecLib.framework/Versions/A/libvMisc.dylib
0x0000000008e3a000 	/System/Library/Frameworks/Accelerate.framework/Versions/A/Frameworks/vecLib.framework/Versions/A/libLAPACK.dylib
0x0000000008e3a000 	/System/Library/Frameworks/Accelerate.framework/Versions/A/Frameworks/vecLib.framework/Versions/A/libBLAS.dylib
0x0000000008e3a000 	/System/Library/Frameworks/Accelerate.framework/Versions/A/Frameworks/vecLib.framework/Versions/A/libLinearAlgebra.dylib
0x0000000008e3a000 	/System/Library/Frameworks/ApplicationServices.framework/Versions/A/Frameworks/ATS.framework/Versions/A/Resources/libFontParser.dylib
0x0000000008e3a000 	/System/Library/Frameworks/ApplicationServices.framework/Versions/A/Frameworks/ATS.framework/Versions/A/Resources/libFontRegistry.dylib
0x0000000008e3a000 	/System/Library/PrivateFrameworks/AppleVPA.framework/Versions/A/AppleVPA
0x0000000008e3a000 	/System/Library/PrivateFrameworks/AppleJPEG.framework/Versions/A/AppleJPEG
0x0000000008e3a000 	/System/Library/Frameworks/ImageIO.framework/Versions/A/Resources/libJPEG.dylib
0x0000000008e3a000 	/System/Library/Frameworks/ImageIO.framework/Versions/A/Resources/libTIFF.dylib
0x0000000008e3a000 	/System/Library/Frameworks/ImageIO.framework/Versions/A/Resources/libPng.dylib
0x0000000008e3a000 	/System/Library/Frameworks/ImageIO.framework/Versions/A/Resources/libGIF.dylib
0x0000000008e3a000 	/System/Library/Frameworks/ImageIO.framework/Versions/A/Resources/libJP2.dylib
0x0000000008e3a000 	/System/Library/Frameworks/ImageIO.framework/Versions/A/Resources/libRadiance.dylib
0x0000000008e3a000 	/System/Library/Frameworks/CoreVideo.framework/Versions/A/CoreVideo
0x0000000008e3a000 	/System/Library/Frameworks/OpenGL.framework/Versions/A/Libraries/libGLU.dylib
0x0000000008e3a000 	/System/Library/Frameworks/OpenGL.framework/Versions/A/Libraries/libGFXShared.dylib
0x0000000008e3a000 	/System/Library/Frameworks/OpenGL.framework/Versions/A/Libraries/libGL.dylib
0x0000000008e3a000 	/System/Library/Frameworks/OpenGL.framework/Versions/A/Libraries/libGLImage.dylib
0x0000000008e3a000 	/System/Library/Frameworks/OpenGL.framework/Versions/A/Libraries/libCVMSPluginSupport.dylib
0x0000000008e3a000 	/System/Library/Frameworks/OpenGL.framework/Versions/A/Libraries/libCoreVMClient.dylib
0x0000000008e3a000 	/usr/lib/libcups.2.dylib
0x0000000008e3a000 	/System/Library/Frameworks/Kerberos.framework/Versions/A/Kerberos
0x0000000008e3a000 	/System/Library/Frameworks/GSS.framework/Versions/A/GSS
0x0000000008e3a000 	/usr/lib/libresolv.9.dylib
0x0000000008e3a000 	/System/Library/PrivateFrameworks/Heimdal.framework/Versions/A/Heimdal
0x0000000008e3a000 	/usr/lib/libheimdal-asn1.dylib
0x0000000008e3a000 	/System/Library/Frameworks/OpenDirectory.framework/Versions/A/OpenDirectory
0x0000000008e3a000 	/System/Library/PrivateFrameworks/CommonAuth.framework/Versions/A/CommonAuth
0x0000000008e3a000 	/System/Library/Frameworks/SecurityFoundation.framework/Versions/A/SecurityFoundation
0x0000000008e3a000 	/System/Library/Frameworks/QuartzCore.framework/Versions/A/Frameworks/CoreImage.framework/Versions/A/CoreImage
0x0000000008e3a000 	/System/Library/PrivateFrameworks/CrashReporterSupport.framework/Versions/A/CrashReporterSupport
0x0000000008e3a000 	/System/Library/Frameworks/OpenCL.framework/Versions/A/OpenCL
0x0000000008e3a000 	/System/Library/PrivateFrameworks/FaceCore.framework/Versions/A/FaceCore
0x0000000008e3a000 	/System/Library/PrivateFrameworks/Ubiquity.framework/Versions/A/Ubiquity
0x0000000008e3a000 	/System/Library/PrivateFrameworks/IconServices.framework/Versions/A/IconServices
0x0000000008e3a000 	/System/Library/PrivateFrameworks/ChunkingLibrary.framework/Versions/A/ChunkingLibrary
0x0000000008e3a000 	/System/Library/PrivateFrameworks/Apple80211.framework/Versions/A/Apple80211
0x0000000008e3a000 	/System/Library/Frameworks/CoreWLAN.framework/Versions/A/CoreWLAN
0x0000000008e3a000 	/System/Library/Frameworks/IOBluetooth.framework/Versions/A/IOBluetooth
0x0000000008e3a000 	/System/Library/PrivateFrameworks/CoreWiFi.framework/Versions/A/CoreWiFi
0x0000000008e3a000 	/System/Library/Frameworks/CoreBluetooth.framework/Versions/A/CoreBluetooth
0x0000000008e3a000 	/System/Library/PrivateFrameworks/DebugSymbols.framework/Versions/A/DebugSymbols
0x0000000008e3a000 	/System/Library/PrivateFrameworks/CoreSymbolication.framework/Versions/A/CoreSymbolication
0x0000000008e3a000 	/System/Library/PrivateFrameworks/Symbolication.framework/Versions/A/Symbolication
0x0000000008e3a000 	/System/Library/PrivateFrameworks/SpeechRecognitionCore.framework/Versions/A/SpeechRecognitionCore
0x000000010b800000 	/Library/Java/JavaVirtualMachines/jdk1.8.0_20.jdk/Contents/Home/jre/lib/server/libjvm.dylib
0x0000000008e3a000 	/usr/lib/libstdc++.6.dylib
0x000000010af6a000 	/Library/Java/JavaVirtualMachines/jdk1.8.0_20.jdk/Contents/Home/jre/lib/libverify.dylib
0x000000010af78000 	/Library/Java/JavaVirtualMachines/jdk1.8.0_20.jdk/Contents/Home/jre/lib/libjava.dylib
0x000000010afb6000 	/Library/Java/JavaVirtualMachines/jdk1.8.0_20.jdk/Contents/Home/jre/lib/libzip.dylib
0x000000010afe8000 	/System/Library/Frameworks/JavaVM.framework/Frameworks/JavaRuntimeSupport.framework/JavaRuntimeSupport
0x000000012733d000 	/System/Library/Frameworks/JavaVM.framework/Versions/A/Frameworks/JavaNativeFoundation.framework/Versions/A/JavaNativeFoundation
0x0000000127352000 	/System/Library/Frameworks/JavaVM.framework/Versions/A/JavaVM
0x0000000008e3a000 	/System/Library/Frameworks/Carbon.framework/Versions/A/Carbon
0x000000012735f000 	/System/Library/PrivateFrameworks/JavaLaunching.framework/Versions/A/JavaLaunching
0x0000000008e3a000 	/System/Library/Frameworks/Carbon.framework/Versions/A/Frameworks/CommonPanels.framework/Versions/A/CommonPanels
0x0000000008e3a000 	/System/Library/Frameworks/Carbon.framework/Versions/A/Frameworks/Help.framework/Versions/A/Help
0x0000000008e3a000 	/System/Library/Frameworks/Carbon.framework/Versions/A/Frameworks/ImageCapture.framework/Versions/A/ImageCapture
0x0000000008e3a000 	/System/Library/Frameworks/Carbon.framework/Versions/A/Frameworks/OpenScripting.framework/Versions/A/OpenScripting
0x0000000008e3a000 	/System/Library/Frameworks/Carbon.framework/Versions/A/Frameworks/Print.framework/Versions/A/Print
0x0000000008e3a000 	/System/Library/Frameworks/Carbon.framework/Versions/A/Frameworks/SecurityHI.framework/Versions/A/SecurityHI
0x0000000129349000 	/Library/Java/JavaVirtualMachines/jdk1.8.0_20.jdk/Contents/Home/jre/lib/libprism_es2.dylib
0x0000000008e3a000 	/System/Library/Frameworks/OpenGL.framework/Versions/A/Resources/GLEngine.bundle/GLEngine
0x0000000008e3a000 	/System/Library/Frameworks/OpenGL.framework/Versions/A/Libraries/libGLProgrammability.dylib
0x0000000000000000 	/System/Library/Extensions/AppleIntelHD5000GraphicsGLDriver.bundle/Contents/MacOS/AppleIntelHD5000GraphicsGLDriver
0x0000000008e3a000 	/System/Library/PrivateFrameworks/IOAccelerator.framework/Versions/A/IOAccelerator
0x0000000008e3a000 	/System/Library/PrivateFrameworks/GPUSupport.framework/Versions/A/Libraries/libGPUSupportMercury.dylib
0x0000000008e3a000 	/System/Library/Frameworks/OpenGL.framework/Versions/A/Resources/GLRendererFloat.bundle/GLRendererFloat
0x0000000008e3a000 	/System/Library/Frameworks/OpenCL.framework/Versions/A/Libraries/libcldcpuengine.dylib
0x0000000008e3a000 	/System/Library/PrivateFrameworks/DiskImages.framework/Versions/A/DiskImages
0x0000000008e3a000 	/System/Library/Frameworks/DiscRecording.framework/Versions/A/DiscRecording
0x0000000008e3a000 	/usr/lib/libcsfde.dylib
0x0000000008e3a000 	/usr/lib/libcurl.4.dylib
0x0000000008e3a000 	/System/Library/PrivateFrameworks/MediaKit.framework/Versions/A/MediaKit
0x0000000008e3a000 	/System/Library/PrivateFrameworks/ProtectedCloudStorage.framework/Versions/A/ProtectedCloudStorage
0x0000000008e3a000 	/usr/lib/libCoreStorage.dylib
0x0000000008e3a000 	/System/Library/PrivateFrameworks/EFILogin.framework/Versions/A/EFILogin
0x0000000008e3a000 	/usr/lib/libutil.dylib
0x0000000008e3a000 	/System/Library/PrivateFrameworks/FindMyDevice.framework/Versions/A/FindMyDevice
0x0000000008e3a000 	/System/Library/Frameworks/LDAP.framework/Versions/A/LDAP
0x0000000008e3a000 	/usr/lib/libsasl2.2.dylib
0x0000000008e3a000 	/System/Library/PrivateFrameworks/CoreDaemon.framework/Versions/B/CoreDaemon
0x0000000008e3a000 	/usr/lib/libcrypto.0.9.8.dylib
0x0000000008e3a000 	/System/Library/PrivateFrameworks/AppleSRP.framework/Versions/A/AppleSRP
0x0000000008e3a000 	/System/Library/PrivateFrameworks/TrustEvaluationAgent.framework/Versions/A/TrustEvaluationAgent
0x00000001297f6000 	/Library/Java/JavaVirtualMachines/jdk1.8.0_20.jdk/Contents/Home/jre/lib/libglass.dylib
0x0000000008e3a000 	/System/Library/PrivateFrameworks/CoreServicesInternal.framework/Versions/A/CoreServicesInternal
0x0000000008e3a000 	/System/Library/PrivateFrameworks/CloudDocs.framework/Versions/A/CloudDocs
0x0000000008e3a000 	/System/Library/PrivateFrameworks/CoreDuet.framework/Versions/A/CoreDuet
0x0000000008e3a000 	/System/Library/Frameworks/CloudKit.framework/Versions/A/CloudKit
0x0000000008e3a000 	/System/Library/PrivateFrameworks/ProtocolBuffer.framework/Versions/A/ProtocolBuffer
0x0000000008e3a000 	/System/Library/PrivateFrameworks/CoreDuetDaemonProtocol.framework/Versions/A/CoreDuetDaemonProtocol
0x0000000008e3a000 	/System/Library/PrivateFrameworks/CoreDuetDebugLogging.framework/Versions/A/CoreDuetDebugLogging
0x0000000008e3a000 	/System/Library/Frameworks/CoreLocation.framework/Versions/A/CoreLocation
0x0000000008e3a000 	/System/Library/Frameworks/Accounts.framework/Versions/A/Accounts
0x0000000008e3a000 	/System/Library/PrivateFrameworks/ApplePushService.framework/Versions/A/ApplePushService
0x0000000008e3a000 	/System/Library/PrivateFrameworks/GeoServices.framework/Versions/A/GeoServices
0x0000000008e3a000 	/System/Library/PrivateFrameworks/OAuth.framework/Versions/A/OAuth
0x0000000008e3a000 	/System/Library/Frameworks/CoreGraphics.framework/Versions/A/Resources/libCGCMS.A.dylib
0x0000000008e3a000 	/System/Library/CoreServices/RawCamera.bundle/Contents/MacOS/RawCamera
0x0000000008e3a000 	/System/Library/Frameworks/CoreGraphics.framework/Versions/A/Resources/libRIP.A.dylib
0x0000000008e3a000 	/System/Library/PrivateFrameworks/FamilyControls.framework/Versions/A/FamilyControls
0x0000000008e3a000 	/System/Library/PrivateFrameworks/CommerceKit.framework/Versions/A/Frameworks/CommerceCore.framework/Versions/A/CommerceCore
0x0000000008e3a000 	/System/Library/PrivateFrameworks/SystemAdministration.framework/Versions/A/SystemAdministration
0x0000000008e3a000 	/System/Library/PrivateFrameworks/AppContainer.framework/Versions/A/AppContainer
0x0000000008e3a000 	/System/Library/PrivateFrameworks/SecCodeWrapper.framework/Versions/A/SecCodeWrapper
0x0000000008e3a000 	/System/Library/Frameworks/DirectoryService.framework/Versions/A/DirectoryService
0x0000000008e3a000 	/System/Library/PrivateFrameworks/LoginUIKit.framework/Versions/A/Frameworks/LoginUICore.framework/Versions/A/LoginUICore
0x0000000008e3a000 	/usr/lib/libodfde.dylib
0x000000012ce39000 	/Library/Java/JavaVirtualMachines/jdk1.8.0_20.jdk/Contents/Home/jre/lib/libnet.dylib
0x000000012ce9a000 	/Library/Java/JavaVirtualMachines/jdk1.8.0_20.jdk/Contents/Home/jre/lib/libnio.dylib
0x0000000008e3a000 	/System/Library/Frameworks/CoreGraphics.framework/Versions/A/Resources/libCGXType.A.dylib
0x000000012e76f000 	cl_kernels
0x000000012e771000 	/System/Library/Frameworks/OpenCL.framework/Versions/A/Libraries/ImageFormats/unorm8_bgra.dylib
0x000000012e761000 	cl_kernels
0x000000012ee33000 	/Library/Java/JavaVirtualMachines/jdk1.8.0_20.jdk/Contents/Home/jre/lib/libjavafx_font.dylib
0x000000012afe1000 	/Library/Java/JavaVirtualMachines/jdk1.8.0_20.jdk/Contents/Home/jre/lib/libprism_common.dylib

VM Arguments:
jvm_args: -Dfile.encoding=UTF-8 
java_command: dialogueApp.Client
java_class_path (initial): /Users/leocorone/Documents/workspace/eclipse_luna/corba pull avance javafx/bin:/Users/leocorone/Downloads/eclipse/plugins/org.eclipse.fx.ide.css.jfx8_1.1.0.201411050807.jar
Launcher Type: SUN_STANDARD

Environment Variables:
PATH=/usr/bin:/bin:/usr/sbin:/sbin
SHELL=/bin/bash

Signal Handlers:
SIGSEGV: [libjvm.dylib+0x578fd7], sa_mask[0]=11111111011111110111111111111111, sa_flags=SA_ONSTACK|SA_RESTART|SA_SIGINFO
SIGBUS: [libjvm.dylib+0x578fd7], sa_mask[0]=11111111011111110111111111111111, sa_flags=SA_RESTART|SA_SIGINFO
SIGFPE: [libjvm.dylib+0x45ab0c], sa_mask[0]=11111111011111110111111111111111, sa_flags=SA_RESTART|SA_SIGINFO
SIGPIPE: [libjvm.dylib+0x45ab0c], sa_mask[0]=11111111011111110111111111111111, sa_flags=SA_RESTART|SA_SIGINFO
SIGXFSZ: [libjvm.dylib+0x45ab0c], sa_mask[0]=11111111011111110111111111111111, sa_flags=SA_RESTART|SA_SIGINFO
SIGILL: [libjvm.dylib+0x45ab0c], sa_mask[0]=11111111011111110111111111111111, sa_flags=SA_RESTART|SA_SIGINFO
SIGUSR1: SIG_DFL, sa_mask[0]=00000000000000000000000000000000, sa_flags=none
SIGUSR2: [libjvm.dylib+0x45a62a], sa_mask[0]=00100000000000000000000000000000, sa_flags=SA_RESTART|SA_SIGINFO
SIGHUP: [libjvm.dylib+0x458bfd], sa_mask[0]=11111111011111110111111111111111, sa_flags=SA_RESTART|SA_SIGINFO
SIGINT: [libjvm.dylib+0x458bfd], sa_mask[0]=11111111011111110111111111111111, sa_flags=SA_RESTART|SA_SIGINFO
SIGTERM: [libjvm.dylib+0x458bfd], sa_mask[0]=11111111011111110111111111111111, sa_flags=SA_RESTART|SA_SIGINFO
SIGQUIT: [libjvm.dylib+0x458bfd], sa_mask[0]=11111111011111110111111111111111, sa_flags=SA_RESTART|SA_SIGINFO


---------------  S Y S T E M  ---------------

OS:Bsduname:Darwin 14.0.0 Darwin Kernel Version 14.0.0: Fri Sep 19 00:26:44 PDT 2014; root:xnu-2782.1.97~2/RELEASE_X86_64 x86_64
rlimit: STACK 8192k, CORE 0k, NPROC 709, NOFILE 10240, AS infinity
load average:2.62 2.30 2.18

CPU:total 4 (2 cores per cpu, 2 threads per core) family 6 model 69 stepping 1, cmov, cx8, fxsr, mmx, sse, sse2, sse3, ssse3, sse4.1, sse4.2, popcnt, avx, avx2, aes, clmul, erms, lzcnt, ht, tsc, tscinvbit, bmi1, bmi2

Memory: 4k page, physical 16777216k(981468k free)

/proc/meminfo:


vm_info: Java HotSpot(TM) 64-Bit Server VM (25.20-b23) for bsd-amd64 JRE (1.8.0_20-b26), built on Jul 30 2014 13:37:47 by "java_re" with gcc 4.2.1 (Based on Apple Inc. build 5658) (LLVM build 2336.9.00)

time: Mon Nov 17 19:48:35 2014
elapsed time: 368 seconds (0d 0h 6m 8s)

