#
# A fatal error has been detected by the Java Runtime Environment:
#
#  SIGSEGV (0xb) at pc=0x00000001294403fd, pid=2687, tid=1811
#
# JRE version: Java(TM) SE Runtime Environment (8.0_20-b26) (build 1.8.0_20-b26)
# Java VM: Java HotSpot(TM) 64-Bit Server VM (25.20-b23 mixed mode bsd-amd64 compressed oops)
# Problematic frame:
# C  [libglass.dylib+0x163fd]  GlassScreenDidChangeScreenParameters+0x9d
#
# Failed to write core dump. Core dumps have been disabled. To enable core dumping, try "ulimit -c unlimited" before starting Java again
#
# If you would like to submit a bug report, please visit:
#   http://bugreport.sun.com/bugreport/crash.jsp
#

---------------  T H R E A D  ---------------

Current thread is native thread

siginfo: si_signo: 11 (SIGSEGV), si_code: 1 (SEGV_MAPERR), si_addr: 0x0000000000000000

Registers:
RAX=0x0000000129472e40, RBX=0x0000000000000000, RCX=0xba003f454cc68bb6, RDX=0x00007fe341460cf0
RSP=0x00007fff55174130, RBP=0x00007fff55174140, RSI=0x00007fe341716ef8, RDI=0x0000000000000000
R8 =0x00007fff55173fe0, R9 =0x00007fff799d2300, R10=0x0000000000000000, R11=0x0000000000000246
R12=0x00007fe341402210, R13=0x00000000000f4268, R14=0x00007fe341477f60, R15=0x00007fff55174280
RIP=0x00000001294403fd, EFLAGS=0x0000000000010206, ERR=0x0000000000000004
  TRAPNO=0x000000000000000e

Top of Stack: (sp=0x00007fff55174130)
0x00007fff55174130:   00007fff55174310 00007fe341477f60
0x00007fff55174140:   00007fff55174150 00007fff8baf1cbc
0x00007fff55174150:   00007fff551744b0 00007fff8b9e31b4
0x00007fff55174160:   00007fe343144000 0000000000001e00
0x00007fff55174170:   000000010aaa3000 00007fe343cfc080
0x00007fff55174180:   0000000000001003 00000000000008e8
0x00007fff55174190:   0000000000000004 00007fe341477f60
0x00007fff551741a0:   0000000000000000 00007fff55174280
0x00007fff551741b0:   0000000000000000 00007fe341477f20
0x00007fff551741c0:   00007fff55174300 000000000000005f
0x00007fff551741d0:   00000000000f4317 00007fe34165f1e0
0x00007fff551741e0:   00007fe3416407a0 00007fe341402210
0x00007fff551741f0:   0000000000000001 00000000000f4268
0x00007fff55174200:   00007fe341402200 00007fff8f322acb
0x00007fff55174210:   0000000000000001 0000000000000001
0x00007fff55174220:   0000000000000030 0000000000000001
0x00007fff55174230:   00007fff55174250 00007fff8f328231
0x00007fff55174240:   00007fff7982fdd0 0000000000000000
0x00007fff55174250:   00007fff55174270 000000000000000a
0x00007fff55174260:   0003660300000000 00007fe341402234
0x00007fff55174270:   0000000000000000 00007fff8b9d8c8f
0x00007fff55174280:   00007fe341477f60 00007fff7982fdd0
0x00007fff55174290:   00007fff55174310 00007fff8b9e17bf
0x00007fff551742a0:   000000010aaa3000 00007fe34142f293
0x00007fff551742b0:   000000010aaa6a00 0000000000000002
0x00007fff551742c0:   000000010aaa3000 00007fe341653692
0x00007fff551742d0:   0000000000000003 000000010aaa8800
0x00007fff551742e0:   00007fff551743d0 00007fff8f3212a2
0x00007fff551742f0:   00007fe341640370 00007fff551744b8
0x00007fff55174300:   0000000000000017 0000000000000000
0x00007fff55174310:   00000000000f4268 00007fff8b9d8f83
0x00007fff55174320:   00007fff00000000 00007fe341440590 

Instructions: (pc=0x00000001294403fd)
0x00000001294403dd:   89 df 4c 89 f1 41 ff 90 68 04 00 00 48 8d 05 58
0x00000001294403ed:   29 03 00 48 8b 30 48 8d 05 46 2a 03 00 48 8b 10
0x00000001294403fd:   48 8b 0b 30 c0 48 89 df ff 91 68 04 00 00 48 8b
0x000000012944040d:   03 48 89 df ff 50 78 48 85 c0 74 36 49 89 c6 48 

Register to memory mapping:

RAX=0x0000000129472e40: jScreenNotifySettingsChanged+0 in /Library/Java/JavaVirtualMachines/jdk1.8.0_20.jdk/Contents/Home/jre/lib/libglass.dylib at 0x000000012942a000
RBX=0x0000000000000000 is an unknown value
RCX=0xba003f454cc68bb6 is an unknown value
RDX=0x00007fe341460cf0 is an unknown value
RSP=0x00007fff55174130 is an unknown value
RBP=0x00007fff55174140 is an unknown value
RSI=0x00007fe341716ef8 is a global jni handle
RDI=0x0000000000000000 is an unknown value
R8 =0x00007fff55173fe0 is an unknown value
R9 =0x00007fff799d2300: _thread+0 in /usr/lib/system/libsystem_pthread.dylib at 0x00007fff8c938000
R10=0x0000000000000000 is an unknown value
R11=0x0000000000000246 is an unknown value
R12=0x00007fe341402210 is an unknown value
R13=0x00000000000f4268 is an unknown value
R14=0x00007fe341477f60 is an unknown value
R15=0x00007fff55174280 is an unknown value


Stack: [0x00007fff54977000,0x00007fff55177000],  sp=0x00007fff55174130,  free space=8180k
Native frames: (J=compiled Java code, j=interpreted, Vv=VM code, C=native code)
C  [libglass.dylib+0x163fd]  GlassScreenDidChangeScreenParameters+0x9d
C  [CoreFoundation+0x11ecbc]  __CFNOTIFICATIONCENTER_IS_CALLING_OUT_TO_AN_OBSERVER__+0xc
C  [CoreFoundation+0x101b4]  _CFXNotificationPost+0xc44
C  [Foundation+0x2ea1]  -[NSNotificationCenter postNotificationName:object:userInfo:]+0x42
C  [AppKit+0x362dee]  -[NSApplication _reactToScreenInvalidationImmediately:]+0x17b
C  [AppKit+0x362c2d]  __44-[NSApplication _reactToScreenInvalidation:]_block_invoke+0x4b
C  [CoreFoundation+0x8054c]  __CFRUNLOOP_IS_CALLING_OUT_TO_A_BLOCK__+0xc
C  [CoreFoundation+0x72655]  __CFRunLoopDoBlocks+0x155
C  [CoreFoundation+0x72196]  __CFRunLoopRun+0x716
C  [CoreFoundation+0x71838]  CFRunLoopRunSpecific+0x128
C  [java+0x56cc]  CreateExecutionEnvironment+0x367
C  [java+0x165c]  JLI_Launch+0x7a0
C  [java+0x768a]  main+0x65
C  [java+0xeb4]  start+0x34


---------------  P R O C E S S  ---------------

VM state:not at safepoint (normal execution)

VM Mutex/Monitor currently owned by a thread: None

Heap:
 PSYoungGen      total 76288K, used 6718K [0x000000076ab00000, 0x0000000770000000, 0x00000007c0000000)
  eden space 65536K, 10% used [0x000000076ab00000,0x000000076b18f988,0x000000076eb00000)
  from space 10752K, 0% used [0x000000076eb00000,0x000000076eb00000,0x000000076f580000)
  to   space 10752K, 0% used [0x000000076f580000,0x000000076f580000,0x0000000770000000)
 ParOldGen       total 124416K, used 6399K [0x00000006c0000000, 0x00000006c7980000, 0x000000076ab00000)
  object space 124416K, 5% used [0x00000006c0000000,0x00000006c063fd60,0x00000006c7980000)
 Metaspace       used 20719K, capacity 21868K, committed 22016K, reserved 1069056K
  class space    used 3071K, capacity 3241K, committed 3328K, reserved 1048576K

Card table byte_map: [0x000000011b7d1000,0x000000011bfd2000] byte_map_base: 0x00000001181d1000

Marking Bits: (ParMarkBitMap*) 0x000000010b423330
 Begin Bits: [0x000000011c934000, 0x0000000120934000)
 End Bits:   [0x0000000120934000, 0x0000000124934000)

Polling page: 0x000000010bbfe000

CodeCache: size=245760Kb used=5732Kb max_used=5732Kb free=240027Kb
 bounds [0x000000010c411000, 0x000000010c9b1000, 0x000000011b411000]
 total_blobs=2583 nmethods=1929 adapters=568
 compilation: enabled

Compilation events (10 events):
Event: 11.024 Thread 0x00007fe341806000 1926       3       java.util.Arrays::hashCode (56 bytes)
Event: 11.025 Thread 0x00007fe341806000 nmethod 1926 0x000000010c9a8790 code [0x000000010c9a8920, 0x000000010c9a8ca8]
Event: 11.028 Thread 0x00007fe341806000 1927       3       java.lang.invoke.LambdaForm$MH/824318946::convert (67 bytes)
Event: 11.030 Thread 0x00007fe341806000 nmethod 1927 0x000000010c9a8e10 code [0x000000010c9a9120, 0x000000010c9aac58]
Event: 11.030 Thread 0x00007fe341806000 1928       3       java.util.HashMap::keySet (27 bytes)
Event: 11.030 Thread 0x00007fe341806000 nmethod 1928 0x000000010c9ab850 code [0x000000010c9ab9e0, 0x000000010c9abd90]
Event: 11.030 Thread 0x00007fe341806000 1929       3       java.util.HashMap$KeySet::iterator (12 bytes)
Event: 11.030 Thread 0x00007fe341806000 nmethod 1929 0x000000010c9abf50 code [0x000000010c9ac0c0, 0x000000010c9ac328]
Event: 11.030 Thread 0x00007fe341806000 1930       3       java.util.HashMap$KeyIterator::<init> (11 bytes)
Event: 11.030 Thread 0x00007fe341806000 nmethod 1930 0x000000010c9ac410 code [0x000000010c9ac580, 0x000000010c9ac728]

GC Heap History (4 events):
Event: 1.767 GC heap before
{Heap before GC invocations=1 (full 0):
 PSYoungGen      total 76288K, used 50322K [0x000000076ab00000, 0x0000000770000000, 0x00000007c0000000)
  eden space 65536K, 76% used [0x000000076ab00000,0x000000076dc24bd8,0x000000076eb00000)
  from space 10752K, 0% used [0x000000076f580000,0x000000076f580000,0x0000000770000000)
  to   space 10752K, 0% used [0x000000076eb00000,0x000000076eb00000,0x000000076f580000)
 ParOldGen       total 175104K, used 0K [0x00000006c0000000, 0x00000006cab00000, 0x000000076ab00000)
  object space 175104K, 0% used [0x00000006c0000000,0x00000006c0000000,0x00000006cab00000)
 Metaspace       used 20251K, capacity 21262K, committed 21296K, reserved 1067008K
  class space    used 3026K, capacity 3174K, committed 3200K, reserved 1048576K
Event: 1.781 GC heap after
Heap after GC invocations=1 (full 0):
 PSYoungGen      total 76288K, used 6786K [0x000000076ab00000, 0x0000000770000000, 0x00000007c0000000)
  eden space 65536K, 0% used [0x000000076ab00000,0x000000076ab00000,0x000000076eb00000)
  from space 10752K, 63% used [0x000000076eb00000,0x000000076f1a0ad0,0x000000076f580000)
  to   space 10752K, 0% used [0x000000076f580000,0x000000076f580000,0x0000000770000000)
 ParOldGen       total 175104K, used 80K [0x00000006c0000000, 0x00000006cab00000, 0x000000076ab00000)
  object space 175104K, 0% used [0x00000006c0000000,0x00000006c0014010,0x00000006cab00000)
 Metaspace       used 20251K, capacity 21262K, committed 21296K, reserved 1067008K
  class space    used 3026K, capacity 3174K, committed 3200K, reserved 1048576K
}
Event: 1.781 GC heap before
{Heap before GC invocations=2 (full 1):
 PSYoungGen      total 76288K, used 6786K [0x000000076ab00000, 0x0000000770000000, 0x00000007c0000000)
  eden space 65536K, 0% used [0x000000076ab00000,0x000000076ab00000,0x000000076eb00000)
  from space 10752K, 63% used [0x000000076eb00000,0x000000076f1a0ad0,0x000000076f580000)
  to   space 10752K, 0% used [0x000000076f580000,0x000000076f580000,0x0000000770000000)
 ParOldGen       total 175104K, used 80K [0x00000006c0000000, 0x00000006cab00000, 0x000000076ab00000)
  object space 175104K, 0% used [0x00000006c0000000,0x00000006c0014010,0x00000006cab00000)
 Metaspace       used 20251K, capacity 21262K, committed 21296K, reserved 1067008K
  class space    used 3026K, capacity 3174K, committed 3200K, reserved 1048576K
Event: 1.833 GC heap after
Heap after GC invocations=2 (full 1):
 PSYoungGen      total 76288K, used 0K [0x000000076ab00000, 0x0000000770000000, 0x00000007c0000000)
  eden space 65536K, 0% used [0x000000076ab00000,0x000000076ab00000,0x000000076eb00000)
  from space 10752K, 0% used [0x000000076eb00000,0x000000076eb00000,0x000000076f580000)
  to   space 10752K, 0% used [0x000000076f580000,0x000000076f580000,0x0000000770000000)
 ParOldGen       total 124416K, used 6399K [0x00000006c0000000, 0x00000006c7980000, 0x000000076ab00000)
  object space 124416K, 5% used [0x00000006c0000000,0x00000006c063fd60,0x00000006c7980000)
 Metaspace       used 20249K, capacity 21260K, committed 21296K, reserved 1067008K
  class space    used 3025K, capacity 3173K, committed 3200K, reserved 1048576K
}

Deoptimization events (10 events):
Event: 0.972 Thread 0x00007fe342150800 Uncommon trap: reason=class_check action=maybe_recompile pc=0x000000010c681f10 method=java.io.DataInputStream.readShort()S @ 4
Event: 0.972 Thread 0x00007fe342150800 Uncommon trap: reason=class_check action=maybe_recompile pc=0x000000010c681f10 method=java.io.DataInputStream.readShort()S @ 4
Event: 0.973 Thread 0x00007fe342150800 Uncommon trap: reason=class_check action=maybe_recompile pc=0x000000010c681f10 method=java.io.DataInputStream.readShort()S @ 4
Event: 0.973 Thread 0x00007fe342150800 Uncommon trap: reason=class_check action=maybe_recompile pc=0x000000010c681f10 method=java.io.DataInputStream.readShort()S @ 4
Event: 0.980 Thread 0x00007fe342150800 Uncommon trap: reason=class_check action=maybe_recompile pc=0x000000010c53a7dc method=java.lang.String.equals(Ljava/lang/Object;)Z @ 8
Event: 0.980 Thread 0x00007fe342150800 Uncommon trap: reason=class_check action=maybe_recompile pc=0x000000010c53a7dc method=java.lang.String.equals(Ljava/lang/Object;)Z @ 8
Event: 0.980 Thread 0x00007fe342150800 Uncommon trap: reason=class_check action=maybe_recompile pc=0x000000010c53a7dc method=java.lang.String.equals(Ljava/lang/Object;)Z @ 8
Event: 0.982 Thread 0x00007fe342150800 Uncommon trap: reason=class_check action=maybe_recompile pc=0x000000010c53a7dc method=java.lang.String.equals(Ljava/lang/Object;)Z @ 8
Event: 1.228 Thread 0x00007fe342150800 Uncommon trap: reason=unloaded action=reinterpret pc=0x000000010c5ffd18 method=java.lang.CharacterData.of(I)Ljava/lang/CharacterData; @ 96
Event: 1.837 Thread 0x00007fe342867800 Uncommon trap: reason=unreached action=reinterpret pc=0x000000010c84febc method=java.lang.ref.ReferenceQueue.poll()Ljava/lang/ref/Reference; @ 4

Internal exceptions (10 events):
Event: 1.396 Thread 0x00007fe342150800 Exception <a 'java/security/PrivilegedActionException'> (0x000000076d12f0d0) thrown at [/HUDSON3/workspace/8-2-build-macosx-x86_64/jdk8u20/1074/hotspot/src/share/vm/prims/jvm.cpp, line 1275]
Event: 1.396 Thread 0x00007fe342150800 Exception <a 'java/security/PrivilegedActionException'> (0x000000076d130368) thrown at [/HUDSON3/workspace/8-2-build-macosx-x86_64/jdk8u20/1074/hotspot/src/share/vm/prims/jvm.cpp, line 1275]
Event: 1.396 Thread 0x00007fe342150800 Exception <a 'java/security/PrivilegedActionException'> (0x000000076d131750) thrown at [/HUDSON3/workspace/8-2-build-macosx-x86_64/jdk8u20/1074/hotspot/src/share/vm/prims/jvm.cpp, line 1275]
Event: 1.397 Thread 0x00007fe342150800 Exception <a 'java/security/PrivilegedActionException'> (0x000000076d1506d0) thrown at [/HUDSON3/workspace/8-2-build-macosx-x86_64/jdk8u20/1074/hotspot/src/share/vm/prims/jvm.cpp, line 1275]
Event: 1.397 Thread 0x00007fe342150800 Exception <a 'java/security/PrivilegedActionException'> (0x000000076d151ad0) thrown at [/HUDSON3/workspace/8-2-build-macosx-x86_64/jdk8u20/1074/hotspot/src/share/vm/prims/jvm.cpp, line 1275]
Event: 1.397 Thread 0x00007fe342150800 Exception <a 'java/security/PrivilegedActionException'> (0x000000076d171120) thrown at [/HUDSON3/workspace/8-2-build-macosx-x86_64/jdk8u20/1074/hotspot/src/share/vm/prims/jvm.cpp, line 1275]
Event: 1.397 Thread 0x00007fe342150800 Exception <a 'java/security/PrivilegedActionException'> (0x000000076d172588) thrown at [/HUDSON3/workspace/8-2-build-macosx-x86_64/jdk8u20/1074/hotspot/src/share/vm/prims/jvm.cpp, line 1275]
Event: 1.480 Thread 0x00007fe342150800 Exception <a 'java/security/PrivilegedActionException'> (0x000000076d39d920) thrown at [/HUDSON3/workspace/8-2-build-macosx-x86_64/jdk8u20/1074/hotspot/src/share/vm/prims/jvm.cpp, line 1275]
Event: 1.480 Thread 0x00007fe342150800 Exception <a 'java/security/PrivilegedActionException'> (0x000000076d3b4fa0) thrown at [/HUDSON3/workspace/8-2-build-macosx-x86_64/jdk8u20/1074/hotspot/src/share/vm/prims/jvm.cpp, line 1275]
Event: 1.481 Thread 0x00007fe342150800 Exception <a 'java/security/PrivilegedActionException'> (0x000000076d3cc9c0) thrown at [/HUDSON3/workspace/8-2-build-macosx-x86_64/jdk8u20/1074/hotspot/src/share/vm/prims/jvm.cpp, line 1275]

Events (10 events):
Event: 575.431 loading class sun/nio/ch/SocketAdaptor$SocketInputStream
Event: 575.431 loading class sun/nio/ch/ChannelInputStream
Event: 575.431 loading class sun/nio/ch/ChannelInputStream done
Event: 575.431 loading class sun/nio/ch/SocketAdaptor$SocketInputStream done
Event: 575.432 loading class java/net/SocketException
Event: 575.432 loading class java/net/SocketException done
Event: 575.432 loading class com/sun/corba/se/spi/orbutil/threadpool/NoSuchThreadPoolException
Event: 575.432 loading class com/sun/corba/se/spi/orbutil/threadpool/NoSuchThreadPoolException done
Event: 575.432 loading class com/sun/corba/se/spi/orbutil/threadpool/NoSuchWorkQueueException
Event: 575.432 loading class com/sun/corba/se/spi/orbutil/threadpool/NoSuchWorkQueueException done


Dynamic libraries:
0x00000000090e3000 	/System/Library/Frameworks/Cocoa.framework/Versions/A/Cocoa
0x00000000090e3000 	/System/Library/Frameworks/Security.framework/Versions/A/Security
0x00000000090e3000 	/System/Library/Frameworks/ApplicationServices.framework/Versions/A/ApplicationServices
0x00000000090e3000 	/usr/lib/libz.1.dylib
0x00000000090e3000 	/usr/lib/libSystem.B.dylib
0x00000000090e3000 	/usr/lib/libobjc.A.dylib
0x00000000090e3000 	/System/Library/Frameworks/CoreFoundation.framework/Versions/A/CoreFoundation
0x00000000090e3000 	/System/Library/Frameworks/Foundation.framework/Versions/C/Foundation
0x00000000090e3000 	/System/Library/Frameworks/AppKit.framework/Versions/C/AppKit
0x00000000090e3000 	/System/Library/Frameworks/CoreData.framework/Versions/A/CoreData
0x00000000090e3000 	/System/Library/PrivateFrameworks/RemoteViewServices.framework/Versions/A/RemoteViewServices
0x00000000090e3000 	/System/Library/PrivateFrameworks/UIFoundation.framework/Versions/A/UIFoundation
0x00000000090e3000 	/System/Library/Frameworks/IOSurface.framework/Versions/A/IOSurface
0x00000000090e3000 	/System/Library/Frameworks/AudioToolbox.framework/Versions/A/AudioToolbox
0x00000000090e3000 	/System/Library/Frameworks/AudioUnit.framework/Versions/A/AudioUnit
0x00000000090e3000 	/System/Library/PrivateFrameworks/DataDetectorsCore.framework/Versions/A/DataDetectorsCore
0x00000000090e3000 	/System/Library/PrivateFrameworks/DesktopServicesPriv.framework/Versions/A/DesktopServicesPriv
0x00000000090e3000 	/System/Library/Frameworks/Carbon.framework/Versions/A/Frameworks/HIToolbox.framework/Versions/A/HIToolbox
0x00000000090e3000 	/System/Library/Frameworks/QuartzCore.framework/Versions/A/QuartzCore
0x00000000090e3000 	/System/Library/Frameworks/Carbon.framework/Versions/A/Frameworks/SpeechRecognition.framework/Versions/A/SpeechRecognition
0x00000000090e3000 	/usr/lib/libauto.dylib
0x00000000090e3000 	/usr/lib/libicucore.A.dylib
0x00000000090e3000 	/usr/lib/libxml2.2.dylib
0x00000000090e3000 	/System/Library/PrivateFrameworks/CoreUI.framework/Versions/A/CoreUI
0x00000000090e3000 	/System/Library/Frameworks/CoreAudio.framework/Versions/A/CoreAudio
0x00000000090e3000 	/System/Library/Frameworks/DiskArbitration.framework/Versions/A/DiskArbitration
0x00000000090e3000 	/usr/lib/liblangid.dylib
0x00000000090e3000 	/System/Library/PrivateFrameworks/MultitouchSupport.framework/Versions/A/MultitouchSupport
0x00000000090e3000 	/System/Library/Frameworks/IOKit.framework/Versions/A/IOKit
0x00000000090e3000 	/usr/lib/libDiagnosticMessagesClient.dylib
0x00000000090e3000 	/System/Library/Frameworks/CoreServices.framework/Versions/A/CoreServices
0x00000000090e3000 	/System/Library/PrivateFrameworks/PerformanceAnalysis.framework/Versions/A/PerformanceAnalysis
0x00000000090e3000 	/System/Library/PrivateFrameworks/GenerationalStorage.framework/Versions/A/GenerationalStorage
0x00000000090e3000 	/System/Library/Frameworks/OpenGL.framework/Versions/A/OpenGL
0x00000000090e3000 	/System/Library/PrivateFrameworks/Sharing.framework/Versions/A/Sharing
0x00000000090e3000 	/System/Library/Frameworks/CoreGraphics.framework/Versions/A/CoreGraphics
0x00000000090e3000 	/System/Library/Frameworks/CoreText.framework/Versions/A/CoreText
0x00000000090e3000 	/System/Library/Frameworks/ImageIO.framework/Versions/A/ImageIO
0x00000000090e3000 	/usr/lib/libextension.dylib
0x00000000090e3000 	/System/Library/PrivateFrameworks/Backup.framework/Versions/A/Backup
0x00000000090e3000 	/usr/lib/libarchive.2.dylib
0x00000000090e3000 	/System/Library/Frameworks/CFNetwork.framework/Versions/A/CFNetwork
0x00000000090e3000 	/System/Library/Frameworks/SystemConfiguration.framework/Versions/A/SystemConfiguration
0x00000000090e3000 	/usr/lib/libCRFSuite.dylib
0x00000000090e3000 	/usr/lib/libc++.1.dylib
0x00000000090e3000 	/usr/lib/libc++abi.dylib
0x00000000090e3000 	/usr/lib/system/libcache.dylib
0x00000000090e3000 	/usr/lib/system/libcommonCrypto.dylib
0x00000000090e3000 	/usr/lib/system/libcompiler_rt.dylib
0x00000000090e3000 	/usr/lib/system/libcopyfile.dylib
0x00000000090e3000 	/usr/lib/system/libcorecrypto.dylib
0x00000000090e3000 	/usr/lib/system/libdispatch.dylib
0x00000000090e3000 	/usr/lib/system/libdyld.dylib
0x00000000090e3000 	/usr/lib/system/libkeymgr.dylib
0x00000000090e3000 	/usr/lib/system/liblaunch.dylib
0x00000000090e3000 	/usr/lib/system/libmacho.dylib
0x00000000090e3000 	/usr/lib/system/libquarantine.dylib
0x00000000090e3000 	/usr/lib/system/libremovefile.dylib
0x00000000090e3000 	/usr/lib/system/libsystem_asl.dylib
0x00000000090e3000 	/usr/lib/system/libsystem_blocks.dylib
0x00000000090e3000 	/usr/lib/system/libsystem_c.dylib
0x00000000090e3000 	/usr/lib/system/libsystem_configuration.dylib
0x00000000090e3000 	/usr/lib/system/libsystem_coreservices.dylib
0x00000000090e3000 	/usr/lib/system/libsystem_coretls.dylib
0x00000000090e3000 	/usr/lib/system/libsystem_dnssd.dylib
0x00000000090e3000 	/usr/lib/system/libsystem_info.dylib
0x00000000090e3000 	/usr/lib/system/libsystem_kernel.dylib
0x00000000090e3000 	/usr/lib/system/libsystem_m.dylib
0x00000000090e3000 	/usr/lib/system/libsystem_malloc.dylib
0x00000000090e3000 	/usr/lib/system/libsystem_network.dylib
0x00000000090e3000 	/usr/lib/system/libsystem_networkextension.dylib
0x00000000090e3000 	/usr/lib/system/libsystem_notify.dylib
0x00000000090e3000 	/usr/lib/system/libsystem_platform.dylib
0x00000000090e3000 	/usr/lib/system/libsystem_pthread.dylib
0x00000000090e3000 	/usr/lib/system/libsystem_sandbox.dylib
0x00000000090e3000 	/usr/lib/system/libsystem_secinit.dylib
0x00000000090e3000 	/usr/lib/system/libsystem_stats.dylib
0x00000000090e3000 	/usr/lib/system/libsystem_trace.dylib
0x00000000090e3000 	/usr/lib/system/libunc.dylib
0x00000000090e3000 	/usr/lib/system/libunwind.dylib
0x00000000090e3000 	/usr/lib/system/libxpc.dylib
0x00000000090e3000 	/usr/lib/libbz2.1.0.dylib
0x00000000090e3000 	/usr/lib/liblzma.5.dylib
0x00000000090e3000 	/usr/lib/libbsm.0.dylib
0x00000000090e3000 	/usr/lib/libsqlite3.dylib
0x00000000090e3000 	/usr/lib/system/libkxld.dylib
0x00000000090e3000 	/usr/lib/libxar.1.dylib
0x00000000090e3000 	/usr/lib/libpam.2.dylib
0x00000000090e3000 	/usr/lib/libOpenScriptingUtil.dylib
0x00000000090e3000 	/System/Library/Frameworks/CoreServices.framework/Versions/A/Frameworks/FSEvents.framework/Versions/A/FSEvents
0x00000000090e3000 	/System/Library/Frameworks/CoreServices.framework/Versions/A/Frameworks/CarbonCore.framework/Versions/A/CarbonCore
0x00000000090e3000 	/System/Library/Frameworks/CoreServices.framework/Versions/A/Frameworks/Metadata.framework/Versions/A/Metadata
0x00000000090e3000 	/System/Library/Frameworks/CoreServices.framework/Versions/A/Frameworks/OSServices.framework/Versions/A/OSServices
0x00000000090e3000 	/System/Library/Frameworks/CoreServices.framework/Versions/A/Frameworks/SearchKit.framework/Versions/A/SearchKit
0x00000000090e3000 	/System/Library/Frameworks/CoreServices.framework/Versions/A/Frameworks/AE.framework/Versions/A/AE
0x00000000090e3000 	/System/Library/Frameworks/CoreServices.framework/Versions/A/Frameworks/LaunchServices.framework/Versions/A/LaunchServices
0x00000000090e3000 	/System/Library/Frameworks/CoreServices.framework/Versions/A/Frameworks/DictionaryServices.framework/Versions/A/DictionaryServices
0x00000000090e3000 	/System/Library/Frameworks/NetFS.framework/Versions/A/NetFS
0x00000000090e3000 	/System/Library/PrivateFrameworks/NetAuth.framework/Versions/A/NetAuth
0x00000000090e3000 	/System/Library/PrivateFrameworks/login.framework/Versions/A/Frameworks/loginsupport.framework/Versions/A/loginsupport
0x00000000090e3000 	/System/Library/PrivateFrameworks/TCC.framework/Versions/A/TCC
0x00000000090e3000 	/usr/lib/libmecabra.dylib
0x00000000090e3000 	/System/Library/PrivateFrameworks/LanguageModeling.framework/Versions/A/LanguageModeling
0x00000000090e3000 	/usr/lib/libcmph.dylib
0x00000000090e3000 	/usr/lib/libiconv.2.dylib
0x00000000090e3000 	/System/Library/Frameworks/OpenDirectory.framework/Versions/A/Frameworks/CFOpenDirectory.framework/Versions/A/CFOpenDirectory
0x00000000090e3000 	/System/Library/Frameworks/ServiceManagement.framework/Versions/A/ServiceManagement
0x00000000090e3000 	/usr/lib/libxslt.1.dylib
0x00000000090e3000 	/System/Library/Frameworks/Carbon.framework/Versions/A/Frameworks/Ink.framework/Versions/A/Ink
0x00000000090e3000 	/System/Library/Frameworks/ApplicationServices.framework/Versions/A/Frameworks/ATS.framework/Versions/A/ATS
0x00000000090e3000 	/System/Library/Frameworks/ApplicationServices.framework/Versions/A/Frameworks/ColorSync.framework/Versions/A/ColorSync
0x00000000090e3000 	/System/Library/Frameworks/ApplicationServices.framework/Versions/A/Frameworks/HIServices.framework/Versions/A/HIServices
0x00000000090e3000 	/System/Library/Frameworks/ApplicationServices.framework/Versions/A/Frameworks/LangAnalysis.framework/Versions/A/LangAnalysis
0x00000000090e3000 	/System/Library/Frameworks/ApplicationServices.framework/Versions/A/Frameworks/PrintCore.framework/Versions/A/PrintCore
0x00000000090e3000 	/System/Library/Frameworks/ApplicationServices.framework/Versions/A/Frameworks/QD.framework/Versions/A/QD
0x00000000090e3000 	/System/Library/Frameworks/ApplicationServices.framework/Versions/A/Frameworks/SpeechSynthesis.framework/Versions/A/SpeechSynthesis
0x00000000090e3000 	/System/Library/Frameworks/Accelerate.framework/Versions/A/Accelerate
0x00000000090e3000 	/System/Library/Frameworks/Accelerate.framework/Versions/A/Frameworks/vImage.framework/Versions/A/vImage
0x00000000090e3000 	/System/Library/Frameworks/Accelerate.framework/Versions/A/Frameworks/vecLib.framework/Versions/A/vecLib
0x00000000090e3000 	/System/Library/Frameworks/Accelerate.framework/Versions/A/Frameworks/vecLib.framework/Versions/A/libvDSP.dylib
0x00000000090e3000 	/System/Library/Frameworks/Accelerate.framework/Versions/A/Frameworks/vecLib.framework/Versions/A/libvMisc.dylib
0x00000000090e3000 	/System/Library/Frameworks/Accelerate.framework/Versions/A/Frameworks/vecLib.framework/Versions/A/libLAPACK.dylib
0x00000000090e3000 	/System/Library/Frameworks/Accelerate.framework/Versions/A/Frameworks/vecLib.framework/Versions/A/libBLAS.dylib
0x00000000090e3000 	/System/Library/Frameworks/Accelerate.framework/Versions/A/Frameworks/vecLib.framework/Versions/A/libLinearAlgebra.dylib
0x00000000090e3000 	/System/Library/Frameworks/ApplicationServices.framework/Versions/A/Frameworks/ATS.framework/Versions/A/Resources/libFontParser.dylib
0x00000000090e3000 	/System/Library/Frameworks/ApplicationServices.framework/Versions/A/Frameworks/ATS.framework/Versions/A/Resources/libFontRegistry.dylib
0x00000000090e3000 	/System/Library/PrivateFrameworks/AppleVPA.framework/Versions/A/AppleVPA
0x00000000090e3000 	/System/Library/PrivateFrameworks/AppleJPEG.framework/Versions/A/AppleJPEG
0x00000000090e3000 	/System/Library/Frameworks/ImageIO.framework/Versions/A/Resources/libJPEG.dylib
0x00000000090e3000 	/System/Library/Frameworks/ImageIO.framework/Versions/A/Resources/libTIFF.dylib
0x00000000090e3000 	/System/Library/Frameworks/ImageIO.framework/Versions/A/Resources/libPng.dylib
0x00000000090e3000 	/System/Library/Frameworks/ImageIO.framework/Versions/A/Resources/libGIF.dylib
0x00000000090e3000 	/System/Library/Frameworks/ImageIO.framework/Versions/A/Resources/libJP2.dylib
0x00000000090e3000 	/System/Library/Frameworks/ImageIO.framework/Versions/A/Resources/libRadiance.dylib
0x00000000090e3000 	/System/Library/Frameworks/CoreVideo.framework/Versions/A/CoreVideo
0x00000000090e3000 	/System/Library/Frameworks/OpenGL.framework/Versions/A/Libraries/libGLU.dylib
0x00000000090e3000 	/System/Library/Frameworks/OpenGL.framework/Versions/A/Libraries/libGFXShared.dylib
0x00000000090e3000 	/System/Library/Frameworks/OpenGL.framework/Versions/A/Libraries/libGL.dylib
0x00000000090e3000 	/System/Library/Frameworks/OpenGL.framework/Versions/A/Libraries/libGLImage.dylib
0x00000000090e3000 	/System/Library/Frameworks/OpenGL.framework/Versions/A/Libraries/libCVMSPluginSupport.dylib
0x00000000090e3000 	/System/Library/Frameworks/OpenGL.framework/Versions/A/Libraries/libCoreVMClient.dylib
0x00000000090e3000 	/usr/lib/libcups.2.dylib
0x00000000090e3000 	/System/Library/Frameworks/Kerberos.framework/Versions/A/Kerberos
0x00000000090e3000 	/System/Library/Frameworks/GSS.framework/Versions/A/GSS
0x00000000090e3000 	/usr/lib/libresolv.9.dylib
0x00000000090e3000 	/System/Library/PrivateFrameworks/Heimdal.framework/Versions/A/Heimdal
0x00000000090e3000 	/usr/lib/libheimdal-asn1.dylib
0x00000000090e3000 	/System/Library/Frameworks/OpenDirectory.framework/Versions/A/OpenDirectory
0x00000000090e3000 	/System/Library/PrivateFrameworks/CommonAuth.framework/Versions/A/CommonAuth
0x00000000090e3000 	/System/Library/Frameworks/SecurityFoundation.framework/Versions/A/SecurityFoundation
0x00000000090e3000 	/System/Library/Frameworks/QuartzCore.framework/Versions/A/Frameworks/CoreImage.framework/Versions/A/CoreImage
0x00000000090e3000 	/System/Library/PrivateFrameworks/CrashReporterSupport.framework/Versions/A/CrashReporterSupport
0x00000000090e3000 	/System/Library/Frameworks/OpenCL.framework/Versions/A/OpenCL
0x00000000090e3000 	/System/Library/PrivateFrameworks/FaceCore.framework/Versions/A/FaceCore
0x00000000090e3000 	/System/Library/PrivateFrameworks/Ubiquity.framework/Versions/A/Ubiquity
0x00000000090e3000 	/System/Library/PrivateFrameworks/IconServices.framework/Versions/A/IconServices
0x00000000090e3000 	/System/Library/PrivateFrameworks/ChunkingLibrary.framework/Versions/A/ChunkingLibrary
0x00000000090e3000 	/System/Library/PrivateFrameworks/Apple80211.framework/Versions/A/Apple80211
0x00000000090e3000 	/System/Library/Frameworks/CoreWLAN.framework/Versions/A/CoreWLAN
0x00000000090e3000 	/System/Library/Frameworks/IOBluetooth.framework/Versions/A/IOBluetooth
0x00000000090e3000 	/System/Library/PrivateFrameworks/CoreWiFi.framework/Versions/A/CoreWiFi
0x00000000090e3000 	/System/Library/Frameworks/CoreBluetooth.framework/Versions/A/CoreBluetooth
0x00000000090e3000 	/System/Library/PrivateFrameworks/DebugSymbols.framework/Versions/A/DebugSymbols
0x00000000090e3000 	/System/Library/PrivateFrameworks/CoreSymbolication.framework/Versions/A/CoreSymbolication
0x00000000090e3000 	/System/Library/PrivateFrameworks/Symbolication.framework/Versions/A/Symbolication
0x00000000090e3000 	/System/Library/PrivateFrameworks/SpeechRecognitionCore.framework/Versions/A/SpeechRecognitionCore
0x000000010ab87000 	/Library/Java/JavaVirtualMachines/jdk1.8.0_20.jdk/Contents/Home/jre/lib/server/libjvm.dylib
0x00000000090e3000 	/usr/lib/libstdc++.6.dylib
0x000000010bbbc000 	/Library/Java/JavaVirtualMachines/jdk1.8.0_20.jdk/Contents/Home/jre/lib/libverify.dylib
0x000000010bbca000 	/Library/Java/JavaVirtualMachines/jdk1.8.0_20.jdk/Contents/Home/jre/lib/libjava.dylib
0x000000010c408000 	/Library/Java/JavaVirtualMachines/jdk1.8.0_20.jdk/Contents/Home/jre/lib/libzip.dylib
0x0000000126f59000 	/System/Library/Frameworks/JavaVM.framework/Frameworks/JavaRuntimeSupport.framework/JavaRuntimeSupport
0x0000000126f71000 	/System/Library/Frameworks/JavaVM.framework/Versions/A/Frameworks/JavaNativeFoundation.framework/Versions/A/JavaNativeFoundation
0x0000000126f86000 	/System/Library/Frameworks/JavaVM.framework/Versions/A/JavaVM
0x00000000090e3000 	/System/Library/Frameworks/Carbon.framework/Versions/A/Carbon
0x0000000126f93000 	/System/Library/PrivateFrameworks/JavaLaunching.framework/Versions/A/JavaLaunching
0x00000000090e3000 	/System/Library/Frameworks/Carbon.framework/Versions/A/Frameworks/CommonPanels.framework/Versions/A/CommonPanels
0x00000000090e3000 	/System/Library/Frameworks/Carbon.framework/Versions/A/Frameworks/Help.framework/Versions/A/Help
0x00000000090e3000 	/System/Library/Frameworks/Carbon.framework/Versions/A/Frameworks/ImageCapture.framework/Versions/A/ImageCapture
0x00000000090e3000 	/System/Library/Frameworks/Carbon.framework/Versions/A/Frameworks/OpenScripting.framework/Versions/A/OpenScripting
0x00000000090e3000 	/System/Library/Frameworks/Carbon.framework/Versions/A/Frameworks/Print.framework/Versions/A/Print
0x00000000090e3000 	/System/Library/Frameworks/Carbon.framework/Versions/A/Frameworks/SecurityHI.framework/Versions/A/SecurityHI
0x0000000128efa000 	/Library/Java/JavaVirtualMachines/jdk1.8.0_20.jdk/Contents/Home/jre/lib/libprism_es2.dylib
0x00000000090e3000 	/System/Library/Frameworks/OpenGL.framework/Versions/A/Resources/GLEngine.bundle/GLEngine
0x00000000090e3000 	/System/Library/Frameworks/OpenGL.framework/Versions/A/Libraries/libGLProgrammability.dylib
0x0000000000000000 	/System/Library/Extensions/AppleIntelHD5000GraphicsGLDriver.bundle/Contents/MacOS/AppleIntelHD5000GraphicsGLDriver
0x00000000090e3000 	/System/Library/PrivateFrameworks/IOAccelerator.framework/Versions/A/IOAccelerator
0x00000000090e3000 	/System/Library/PrivateFrameworks/GPUSupport.framework/Versions/A/Libraries/libGPUSupportMercury.dylib
0x00000000090e3000 	/System/Library/Frameworks/OpenGL.framework/Versions/A/Resources/GLRendererFloat.bundle/GLRendererFloat
0x00000000090e3000 	/System/Library/Frameworks/OpenCL.framework/Versions/A/Libraries/libcldcpuengine.dylib
0x00000000090e3000 	/System/Library/PrivateFrameworks/DiskImages.framework/Versions/A/DiskImages
0x00000000090e3000 	/System/Library/Frameworks/DiscRecording.framework/Versions/A/DiscRecording
0x00000000090e3000 	/usr/lib/libcsfde.dylib
0x00000000090e3000 	/usr/lib/libcurl.4.dylib
0x00000000090e3000 	/System/Library/PrivateFrameworks/MediaKit.framework/Versions/A/MediaKit
0x00000000090e3000 	/System/Library/PrivateFrameworks/ProtectedCloudStorage.framework/Versions/A/ProtectedCloudStorage
0x00000000090e3000 	/usr/lib/libCoreStorage.dylib
0x00000000090e3000 	/System/Library/PrivateFrameworks/EFILogin.framework/Versions/A/EFILogin
0x00000000090e3000 	/usr/lib/libutil.dylib
0x00000000090e3000 	/System/Library/PrivateFrameworks/FindMyDevice.framework/Versions/A/FindMyDevice
0x00000000090e3000 	/System/Library/Frameworks/LDAP.framework/Versions/A/LDAP
0x00000000090e3000 	/usr/lib/libsasl2.2.dylib
0x00000000090e3000 	/System/Library/PrivateFrameworks/CoreDaemon.framework/Versions/B/CoreDaemon
0x00000000090e3000 	/usr/lib/libcrypto.0.9.8.dylib
0x00000000090e3000 	/System/Library/PrivateFrameworks/AppleSRP.framework/Versions/A/AppleSRP
0x00000000090e3000 	/System/Library/PrivateFrameworks/TrustEvaluationAgent.framework/Versions/A/TrustEvaluationAgent
0x000000012942a000 	/Library/Java/JavaVirtualMachines/jdk1.8.0_20.jdk/Contents/Home/jre/lib/libglass.dylib
0x00000000090e3000 	/System/Library/PrivateFrameworks/CoreServicesInternal.framework/Versions/A/CoreServicesInternal
0x00000000090e3000 	/System/Library/PrivateFrameworks/CloudDocs.framework/Versions/A/CloudDocs
0x00000000090e3000 	/System/Library/PrivateFrameworks/CoreDuet.framework/Versions/A/CoreDuet
0x00000000090e3000 	/System/Library/Frameworks/CloudKit.framework/Versions/A/CloudKit
0x00000000090e3000 	/System/Library/PrivateFrameworks/ProtocolBuffer.framework/Versions/A/ProtocolBuffer
0x00000000090e3000 	/System/Library/PrivateFrameworks/CoreDuetDaemonProtocol.framework/Versions/A/CoreDuetDaemonProtocol
0x00000000090e3000 	/System/Library/PrivateFrameworks/CoreDuetDebugLogging.framework/Versions/A/CoreDuetDebugLogging
0x00000000090e3000 	/System/Library/Frameworks/CoreLocation.framework/Versions/A/CoreLocation
0x00000000090e3000 	/System/Library/Frameworks/Accounts.framework/Versions/A/Accounts
0x00000000090e3000 	/System/Library/PrivateFrameworks/ApplePushService.framework/Versions/A/ApplePushService
0x00000000090e3000 	/System/Library/PrivateFrameworks/GeoServices.framework/Versions/A/GeoServices
0x00000000090e3000 	/System/Library/PrivateFrameworks/OAuth.framework/Versions/A/OAuth
0x00000000090e3000 	/System/Library/Frameworks/CoreGraphics.framework/Versions/A/Resources/libCGCMS.A.dylib
0x00000000090e3000 	/System/Library/CoreServices/RawCamera.bundle/Contents/MacOS/RawCamera
0x000000012ab5c000 	/System/Library/Frameworks/CoreGraphics.framework/Versions/A/Resources/libRIP.A.dylib
0x00000000090e3000 	/System/Library/PrivateFrameworks/FamilyControls.framework/Versions/A/FamilyControls
0x00000000090e3000 	/System/Library/PrivateFrameworks/CommerceKit.framework/Versions/A/Frameworks/CommerceCore.framework/Versions/A/CommerceCore
0x00000000090e3000 	/System/Library/PrivateFrameworks/SystemAdministration.framework/Versions/A/SystemAdministration
0x00000000090e3000 	/System/Library/PrivateFrameworks/AppContainer.framework/Versions/A/AppContainer
0x00000000090e3000 	/System/Library/PrivateFrameworks/SecCodeWrapper.framework/Versions/A/SecCodeWrapper
0x00000000090e3000 	/System/Library/Frameworks/DirectoryService.framework/Versions/A/DirectoryService
0x00000000090e3000 	/System/Library/PrivateFrameworks/LoginUIKit.framework/Versions/A/Frameworks/LoginUICore.framework/Versions/A/LoginUICore
0x00000000090e3000 	/usr/lib/libodfde.dylib
0x000000012ca2a000 	/Library/Java/JavaVirtualMachines/jdk1.8.0_20.jdk/Contents/Home/jre/lib/libnet.dylib
0x000000012ca89000 	/Library/Java/JavaVirtualMachines/jdk1.8.0_20.jdk/Contents/Home/jre/lib/libnio.dylib
0x00000000090e3000 	/System/Library/Frameworks/CoreGraphics.framework/Versions/A/Resources/libCGXType.A.dylib
0x000000012e14e000 	cl_kernels
0x000000012e150000 	/System/Library/Frameworks/OpenCL.framework/Versions/A/Libraries/ImageFormats/unorm8_bgra.dylib
0x000000012e140000 	cl_kernels
0x000000012e995000 	/Library/Java/JavaVirtualMachines/jdk1.8.0_20.jdk/Contents/Home/jre/lib/libjavafx_font.dylib
0x000000012ac79000 	/Library/Java/JavaVirtualMachines/jdk1.8.0_20.jdk/Contents/Home/jre/lib/libprism_common.dylib

VM Arguments:
jvm_args: -Dfile.encoding=UTF-8 
java_command: dialogueApp.Client
java_class_path (initial): /Users/leocorone/Documents/workspace/eclipse_luna/corba pull avance javafx/bin:/Users/leocorone/Downloads/eclipse/plugins/org.eclipse.fx.ide.css.jfx8_1.1.0.201411050807.jar
Launcher Type: SUN_STANDARD

Environment Variables:
PATH=/usr/bin:/bin:/usr/sbin:/sbin
SHELL=/bin/bash

Signal Handlers:
SIGSEGV: [libjvm.dylib+0x578fd7], sa_mask[0]=11111111011111110111111111111111, sa_flags=SA_ONSTACK|SA_RESTART|SA_SIGINFO
SIGBUS: [libjvm.dylib+0x578fd7], sa_mask[0]=11111111011111110111111111111111, sa_flags=SA_RESTART|SA_SIGINFO
SIGFPE: [libjvm.dylib+0x45ab0c], sa_mask[0]=11111111011111110111111111111111, sa_flags=SA_RESTART|SA_SIGINFO
SIGPIPE: [libjvm.dylib+0x45ab0c], sa_mask[0]=11111111011111110111111111111111, sa_flags=SA_RESTART|SA_SIGINFO
SIGXFSZ: [libjvm.dylib+0x45ab0c], sa_mask[0]=11111111011111110111111111111111, sa_flags=SA_RESTART|SA_SIGINFO
SIGILL: [libjvm.dylib+0x45ab0c], sa_mask[0]=11111111011111110111111111111111, sa_flags=SA_RESTART|SA_SIGINFO
SIGUSR1: SIG_DFL, sa_mask[0]=00000000000000000000000000000000, sa_flags=none
SIGUSR2: [libjvm.dylib+0x45a62a], sa_mask[0]=00100000000000000000000000000000, sa_flags=SA_RESTART|SA_SIGINFO
SIGHUP: [libjvm.dylib+0x458bfd], sa_mask[0]=11111111011111110111111111111111, sa_flags=SA_RESTART|SA_SIGINFO
SIGINT: [libjvm.dylib+0x458bfd], sa_mask[0]=11111111011111110111111111111111, sa_flags=SA_RESTART|SA_SIGINFO
SIGTERM: [libjvm.dylib+0x458bfd], sa_mask[0]=11111111011111110111111111111111, sa_flags=SA_RESTART|SA_SIGINFO
SIGQUIT: [libjvm.dylib+0x458bfd], sa_mask[0]=11111111011111110111111111111111, sa_flags=SA_RESTART|SA_SIGINFO


---------------  S Y S T E M  ---------------

OS:Bsduname:Darwin 14.0.0 Darwin Kernel Version 14.0.0: Fri Sep 19 00:26:44 PDT 2014; root:xnu-2782.1.97~2/RELEASE_X86_64 x86_64
rlimit: STACK 8192k, CORE 0k, NPROC 709, NOFILE 10240, AS infinity
load average:4.69 4.15 3.13

CPU:total 4 (2 cores per cpu, 2 threads per core) family 6 model 69 stepping 1, cmov, cx8, fxsr, mmx, sse, sse2, sse3, ssse3, sse4.1, sse4.2, popcnt, avx, avx2, aes, clmul, erms, lzcnt, ht, tsc, tscinvbit, bmi1, bmi2

Memory: 4k page, physical 16777216k(511176k free)

/proc/meminfo:


vm_info: Java HotSpot(TM) 64-Bit Server VM (25.20-b23) for bsd-amd64 JRE (1.8.0_20-b26), built on Jul 30 2014 13:37:47 by "java_re" with gcc 4.2.1 (Based on Apple Inc. build 5658) (LLVM build 2336.9.00)

time: Mon Nov 24 13:57:03 2014
elapsed time: 601 seconds (0d 0h 10m 1s)

